14:34:36.131 [ApplicationImpl pooled thread 162] INFO  c.b.l.BrowserStackRunExtension - testng
14:34:36.131 [ApplicationImpl pooled thread 162] INFO  com.browserstack.utils.Helpers - null
14:34:36.132 [ApplicationImpl pooled thread 162] INFO  c.b.l.BrowserStackRunExtension - Agent path: null
14:58:03.309 [ApplicationImpl pooled thread 186] INFO  c.b.l.BrowserStackRunExtension - testng
14:58:03.309 [ApplicationImpl pooled thread 186] INFO  com.browserstack.utils.Helpers - null
14:58:03.309 [ApplicationImpl pooled thread 186] INFO  com.browserstack.utils.Helpers - C:/Users/sathy/.m2/repository/com/browserstack/browserstack-java-sdk/1.30.4/browserstack-java-sdk-1.30.4.jar
14:58:03.312 [ApplicationImpl pooled thread 186] INFO  c.b.l.BrowserStackRunExtension - Agent path: C:/Users/sathy/.m2/repository/com/browserstack/browserstack-java-sdk/1.30.4/browserstack-java-sdk-1.30.4.jar
14:58:03.312 [ApplicationImpl pooled thread 186] INFO  c.b.l.BrowserStackRunExtension - Adding Browserstack SDK javaagent argline
14:58:03.312 [ApplicationImpl pooled thread 186] INFO  c.b.l.BrowserStackRunExtension - Plugin version: v1.1.6
14:59:48.687 [ApplicationImpl pooled thread 185] INFO  c.b.l.BrowserStackRunExtension - testng
14:59:48.687 [ApplicationImpl pooled thread 185] INFO  com.browserstack.utils.Helpers - null
14:59:48.688 [ApplicationImpl pooled thread 185] INFO  com.browserstack.utils.Helpers - C:/Users/sathy/.m2/repository/com/browserstack/browserstack-java-sdk/1.30.4/browserstack-java-sdk-1.30.4.jar
14:59:48.688 [ApplicationImpl pooled thread 185] INFO  c.b.l.BrowserStackRunExtension - Agent path: C:/Users/sathy/.m2/repository/com/browserstack/browserstack-java-sdk/1.30.4/browserstack-java-sdk-1.30.4.jar
14:59:48.688 [ApplicationImpl pooled thread 185] INFO  c.b.l.BrowserStackRunExtension - Adding Browserstack SDK javaagent argline
14:59:48.688 [ApplicationImpl pooled thread 185] INFO  c.b.l.BrowserStackRunExtension - Plugin version: v1.1.6
15:03:14.497 [ApplicationImpl pooled thread 209] INFO  c.b.l.BrowserStackRunExtension - testng
15:03:14.498 [ApplicationImpl pooled thread 209] INFO  com.browserstack.utils.Helpers - null
15:03:14.498 [ApplicationImpl pooled thread 209] INFO  com.browserstack.utils.Helpers - C:/Users/sathy/.m2/repository/com/browserstack/browserstack-java-sdk/1.30.4/browserstack-java-sdk-1.30.4.jar
15:03:14.498 [ApplicationImpl pooled thread 209] INFO  c.b.l.BrowserStackRunExtension - Agent path: C:/Users/sathy/.m2/repository/com/browserstack/browserstack-java-sdk/1.30.4/browserstack-java-sdk-1.30.4.jar
15:03:14.498 [ApplicationImpl pooled thread 209] INFO  c.b.l.BrowserStackRunExtension - Adding Browserstack SDK javaagent argline
15:03:14.498 [ApplicationImpl pooled thread 209] INFO  c.b.l.BrowserStackRunExtension - Plugin version: v1.1.6
15:18:16.128 [ApplicationImpl pooled thread 222] INFO  c.b.l.BrowserStackRunExtension - testng
15:18:16.131 [ApplicationImpl pooled thread 222] INFO  com.browserstack.utils.Helpers - null
15:18:16.132 [ApplicationImpl pooled thread 222] INFO  com.browserstack.utils.Helpers - C:/Users/sathy/.m2/repository/com/browserstack/browserstack-java-sdk/1.30.4/browserstack-java-sdk-1.30.4.jar
15:18:16.132 [ApplicationImpl pooled thread 222] INFO  c.b.l.BrowserStackRunExtension - Agent path: C:/Users/sathy/.m2/repository/com/browserstack/browserstack-java-sdk/1.30.4/browserstack-java-sdk-1.30.4.jar
15:18:16.132 [ApplicationImpl pooled thread 222] INFO  c.b.l.BrowserStackRunExtension - Adding Browserstack SDK javaagent argline
15:18:16.132 [ApplicationImpl pooled thread 222] INFO  c.b.l.BrowserStackRunExtension - Plugin version: v1.1.6
15:20:20.647 [ApplicationImpl pooled thread 227] INFO  c.b.l.BrowserStackRunExtension - testng
15:20:20.647 [ApplicationImpl pooled thread 227] INFO  com.browserstack.utils.Helpers - null
15:20:20.648 [ApplicationImpl pooled thread 227] INFO  com.browserstack.utils.Helpers - C:/Users/sathy/.m2/repository/com/browserstack/browserstack-java-sdk/1.30.4/browserstack-java-sdk-1.30.4.jar
15:20:20.648 [ApplicationImpl pooled thread 227] INFO  c.b.l.BrowserStackRunExtension - Agent path: C:/Users/sathy/.m2/repository/com/browserstack/browserstack-java-sdk/1.30.4/browserstack-java-sdk-1.30.4.jar
15:20:20.649 [ApplicationImpl pooled thread 227] INFO  c.b.l.BrowserStackRunExtension - Adding Browserstack SDK javaagent argline
15:20:20.649 [ApplicationImpl pooled thread 227] INFO  c.b.l.BrowserStackRunExtension - Plugin version: v1.1.6
15:21:59.976 [ApplicationImpl pooled thread 222] INFO  c.b.l.BrowserStackRunExtension - testng
15:21:59.976 [ApplicationImpl pooled thread 222] INFO  com.browserstack.utils.Helpers - null
15:21:59.977 [ApplicationImpl pooled thread 222] INFO  com.browserstack.utils.Helpers - C:/Users/sathy/.m2/repository/com/browserstack/browserstack-java-sdk/1.30.4/browserstack-java-sdk-1.30.4.jar
15:21:59.977 [ApplicationImpl pooled thread 222] INFO  c.b.l.BrowserStackRunExtension - Agent path: C:/Users/sathy/.m2/repository/com/browserstack/browserstack-java-sdk/1.30.4/browserstack-java-sdk-1.30.4.jar
15:21:59.977 [ApplicationImpl pooled thread 222] INFO  c.b.l.BrowserStackRunExtension - Adding Browserstack SDK javaagent argline
15:21:59.977 [ApplicationImpl pooled thread 222] INFO  c.b.l.BrowserStackRunExtension - Plugin version: v1.1.6
15:28:10.746 [ApplicationImpl pooled thread 209] INFO  c.b.l.BrowserStackRunExtension - testng
15:28:10.747 [ApplicationImpl pooled thread 209] INFO  com.browserstack.utils.Helpers - null
15:28:10.749 [ApplicationImpl pooled thread 209] INFO  com.browserstack.utils.Helpers - C:/Users/sathy/.m2/repository/com/browserstack/browserstack-java-sdk/1.30.4/browserstack-java-sdk-1.30.4.jar
15:28:10.749 [ApplicationImpl pooled thread 209] INFO  c.b.l.BrowserStackRunExtension - Agent path: C:/Users/sathy/.m2/repository/com/browserstack/browserstack-java-sdk/1.30.4/browserstack-java-sdk-1.30.4.jar
15:28:10.749 [ApplicationImpl pooled thread 209] INFO  c.b.l.BrowserStackRunExtension - Adding Browserstack SDK javaagent argline
15:28:10.749 [ApplicationImpl pooled thread 209] INFO  c.b.l.BrowserStackRunExtension - Plugin version: v1.1.6
15:36:55.907 [ApplicationImpl pooled thread 226] INFO  c.b.l.BrowserStackRunExtension - testng
15:36:55.908 [ApplicationImpl pooled thread 226] INFO  com.browserstack.utils.Helpers - null
15:36:55.908 [ApplicationImpl pooled thread 226] INFO  com.browserstack.utils.Helpers - C:/Users/sathy/.m2/repository/com/browserstack/browserstack-java-sdk/1.30.4/browserstack-java-sdk-1.30.4.jar
15:36:55.908 [ApplicationImpl pooled thread 226] INFO  c.b.l.BrowserStackRunExtension - Agent path: C:/Users/sathy/.m2/repository/com/browserstack/browserstack-java-sdk/1.30.4/browserstack-java-sdk-1.30.4.jar
15:36:55.908 [ApplicationImpl pooled thread 226] INFO  c.b.l.BrowserStackRunExtension - Adding Browserstack SDK javaagent argline
15:36:55.908 [ApplicationImpl pooled thread 226] INFO  c.b.l.BrowserStackRunExtension - Plugin version: v1.1.6
15:38:55.357 [ApplicationImpl pooled thread 239] INFO  c.b.l.BrowserStackRunExtension - testng
15:38:55.357 [ApplicationImpl pooled thread 239] INFO  com.browserstack.utils.Helpers - null
15:38:55.358 [ApplicationImpl pooled thread 239] INFO  com.browserstack.utils.Helpers - C:/Users/sathy/.m2/repository/com/browserstack/browserstack-java-sdk/1.30.4/browserstack-java-sdk-1.30.4.jar
15:38:55.358 [ApplicationImpl pooled thread 239] INFO  c.b.l.BrowserStackRunExtension - Agent path: C:/Users/sathy/.m2/repository/com/browserstack/browserstack-java-sdk/1.30.4/browserstack-java-sdk-1.30.4.jar
15:38:55.358 [ApplicationImpl pooled thread 239] INFO  c.b.l.BrowserStackRunExtension - Adding Browserstack SDK javaagent argline
15:38:55.358 [ApplicationImpl pooled thread 239] INFO  c.b.l.BrowserStackRunExtension - Plugin version: v1.1.6
15:40:45.027 [ApplicationImpl pooled thread 238] INFO  c.b.l.BrowserStackRunExtension - testng
15:40:45.027 [ApplicationImpl pooled thread 238] INFO  com.browserstack.utils.Helpers - null
15:40:45.028 [ApplicationImpl pooled thread 238] INFO  com.browserstack.utils.Helpers - C:/Users/sathy/.m2/repository/com/browserstack/browserstack-java-sdk/1.30.4/browserstack-java-sdk-1.30.4.jar
15:40:45.028 [ApplicationImpl pooled thread 238] INFO  c.b.l.BrowserStackRunExtension - Agent path: C:/Users/sathy/.m2/repository/com/browserstack/browserstack-java-sdk/1.30.4/browserstack-java-sdk-1.30.4.jar
15:40:45.028 [ApplicationImpl pooled thread 238] INFO  c.b.l.BrowserStackRunExtension - Adding Browserstack SDK javaagent argline
15:40:45.028 [ApplicationImpl pooled thread 238] INFO  c.b.l.BrowserStackRunExtension - Plugin version: v1.1.6
15:41:04.916 [ApplicationImpl pooled thread 246] INFO  c.b.l.BrowserStackRunExtension - testng
15:41:04.916 [ApplicationImpl pooled thread 246] INFO  com.browserstack.utils.Helpers - null
15:41:04.918 [ApplicationImpl pooled thread 246] INFO  com.browserstack.utils.Helpers - C:/Users/sathy/.m2/repository/com/browserstack/browserstack-java-sdk/1.30.4/browserstack-java-sdk-1.30.4.jar
15:41:04.918 [ApplicationImpl pooled thread 246] INFO  c.b.l.BrowserStackRunExtension - Agent path: C:/Users/sathy/.m2/repository/com/browserstack/browserstack-java-sdk/1.30.4/browserstack-java-sdk-1.30.4.jar
15:41:04.918 [ApplicationImpl pooled thread 246] INFO  c.b.l.BrowserStackRunExtension - Adding Browserstack SDK javaagent argline
15:41:04.918 [ApplicationImpl pooled thread 246] INFO  c.b.l.BrowserStackRunExtension - Plugin version: v1.1.6
15:00:26.591 [ApplicationImpl pooled thread 3797] INFO  c.b.l.BrowserStackRunExtension - application
15:00:26.607 [ApplicationImpl pooled thread 3797] INFO  com.browserstack.utils.Helpers - null
15:01:06.617 [ApplicationImpl pooled thread 3787] INFO  c.b.l.BrowserStackRunExtension - application
15:01:06.617 [ApplicationImpl pooled thread 3787] INFO  com.browserstack.utils.Helpers - null
15:01:18.982 [ApplicationImpl pooled thread 3786] INFO  c.b.l.BrowserStackRunExtension - application
15:01:18.982 [ApplicationImpl pooled thread 3786] INFO  com.browserstack.utils.Helpers - null
15:19:16.532 [ApplicationImpl pooled thread 3785] INFO  c.b.l.BrowserStackRunExtension - application
15:19:16.532 [ApplicationImpl pooled thread 3785] INFO  com.browserstack.utils.Helpers - null
15:20:00.287 [ApplicationImpl pooled thread 3785] INFO  c.b.l.BrowserStackRunExtension - application
15:20:00.287 [ApplicationImpl pooled thread 3785] INFO  com.browserstack.utils.Helpers - null
15:20:17.739 [ApplicationImpl pooled thread 3785] INFO  c.b.l.BrowserStackRunExtension - application
15:20:17.739 [ApplicationImpl pooled thread 3785] INFO  com.browserstack.utils.Helpers - null
15:20:29.450 [ApplicationImpl pooled thread 3807] INFO  c.b.l.BrowserStackRunExtension - application
15:20:29.450 [ApplicationImpl pooled thread 3807] INFO  com.browserstack.utils.Helpers - null
15:26:30.358 [ApplicationImpl pooled thread 3810] INFO  c.b.l.BrowserStackRunExtension - application
15:26:30.358 [ApplicationImpl pooled thread 3810] INFO  com.browserstack.utils.Helpers - null
15:26:51.710 [ApplicationImpl pooled thread 3800] INFO  c.b.l.BrowserStackRunExtension - application
15:26:51.710 [ApplicationImpl pooled thread 3800] INFO  com.browserstack.utils.Helpers - null
15:50:54.354 [ApplicationImpl pooled thread 3825] INFO  c.b.l.BrowserStackRunExtension - application
15:50:54.354 [ApplicationImpl pooled thread 3825] INFO  com.browserstack.utils.Helpers - null
15:51:35.089 [ApplicationImpl pooled thread 3829] INFO  c.b.l.BrowserStackRunExtension - application
15:51:35.089 [ApplicationImpl pooled thread 3829] INFO  com.browserstack.utils.Helpers - null
15:52:20.654 [ApplicationImpl pooled thread 3829] INFO  c.b.l.BrowserStackRunExtension - application
15:52:20.654 [ApplicationImpl pooled thread 3829] INFO  com.browserstack.utils.Helpers - null
15:55:46.294 [ApplicationImpl pooled thread 3825] INFO  c.b.l.BrowserStackRunExtension - application
15:55:46.294 [ApplicationImpl pooled thread 3825] INFO  com.browserstack.utils.Helpers - null
16:00:25.701 [ApplicationImpl pooled thread 3832] INFO  c.b.l.BrowserStackRunExtension - application
16:00:25.701 [ApplicationImpl pooled thread 3832] INFO  com.browserstack.utils.Helpers - null
16:00:36.449 [ApplicationImpl pooled thread 3825] INFO  c.b.l.BrowserStackRunExtension - application
16:00:36.449 [ApplicationImpl pooled thread 3825] INFO  com.browserstack.utils.Helpers - null
16:14:33.136 [ApplicationImpl pooled thread 3830] INFO  c.b.l.BrowserStackRunExtension - application
16:14:33.136 [ApplicationImpl pooled thread 3830] INFO  com.browserstack.utils.Helpers - null
16:14:49.909 [ApplicationImpl pooled thread 3839] INFO  c.b.l.BrowserStackRunExtension - application
16:14:49.909 [ApplicationImpl pooled thread 3839] INFO  com.browserstack.utils.Helpers - null
16:15:51.080 [ApplicationImpl pooled thread 3841] INFO  c.b.l.BrowserStackRunExtension - application
16:15:51.082 [ApplicationImpl pooled thread 3841] INFO  com.browserstack.utils.Helpers - null
16:16:27.937 [ApplicationImpl pooled thread 3811] INFO  c.b.l.BrowserStackRunExtension - application
16:16:27.937 [ApplicationImpl pooled thread 3811] INFO  com.browserstack.utils.Helpers - null
16:17:14.425 [ApplicationImpl pooled thread 3837] INFO  c.b.l.BrowserStackRunExtension - application
16:17:14.425 [ApplicationImpl pooled thread 3837] INFO  com.browserstack.utils.Helpers - null
16:17:30.003 [ApplicationImpl pooled thread 3830] INFO  c.b.l.BrowserStackRunExtension - application
16:17:30.003 [ApplicationImpl pooled thread 3830] INFO  com.browserstack.utils.Helpers - null
18:57:19.582 [ApplicationImpl pooled thread 3901] INFO  c.b.l.BrowserStackRunExtension - application
18:57:19.582 [ApplicationImpl pooled thread 3901] INFO  com.browserstack.utils.Helpers - null
18:57:55.229 [ApplicationImpl pooled thread 3922] INFO  c.b.l.BrowserStackRunExtension - application
18:57:55.229 [ApplicationImpl pooled thread 3922] INFO  com.browserstack.utils.Helpers - null
18:59:31.812 [ApplicationImpl pooled thread 3935] INFO  c.b.l.BrowserStackRunExtension - application
18:59:31.813 [ApplicationImpl pooled thread 3935] INFO  com.browserstack.utils.Helpers - null
19:00:02.128 [ApplicationImpl pooled thread 3927] INFO  c.b.l.BrowserStackRunExtension - application
19:00:02.129 [ApplicationImpl pooled thread 3927] INFO  com.browserstack.utils.Helpers - null
19:00:23.323 [ApplicationImpl pooled thread 3937] INFO  c.b.l.BrowserStackRunExtension - application
19:00:23.324 [ApplicationImpl pooled thread 3937] INFO  com.browserstack.utils.Helpers - null
19:08:04.894 [ApplicationImpl pooled thread 3933] INFO  c.b.l.BrowserStackRunExtension - application
19:08:04.895 [ApplicationImpl pooled thread 3933] INFO  com.browserstack.utils.Helpers - null
19:40:48.229 [ApplicationImpl pooled thread 3940] INFO  c.b.l.BrowserStackRunExtension - application
19:40:48.230 [ApplicationImpl pooled thread 3940] INFO  com.browserstack.utils.Helpers - null
19:42:27.984 [ApplicationImpl pooled thread 3938] INFO  c.b.l.BrowserStackRunExtension - application
19:42:27.984 [ApplicationImpl pooled thread 3938] INFO  com.browserstack.utils.Helpers - null
19:43:20.264 [ApplicationImpl pooled thread 3952] INFO  c.b.l.BrowserStackRunExtension - application
19:43:20.264 [ApplicationImpl pooled thread 3952] INFO  com.browserstack.utils.Helpers - null
19:43:41.193 [ApplicationImpl pooled thread 3956] INFO  c.b.l.BrowserStackRunExtension - application
19:43:41.193 [ApplicationImpl pooled thread 3956] INFO  com.browserstack.utils.Helpers - null
19:43:52.244 [ApplicationImpl pooled thread 3933] INFO  c.b.l.BrowserStackRunExtension - application
19:43:52.245 [ApplicationImpl pooled thread 3933] INFO  com.browserstack.utils.Helpers - null
19:47:12.782 [ApplicationImpl pooled thread 3933] INFO  c.b.l.BrowserStackRunExtension - application
19:47:12.783 [ApplicationImpl pooled thread 3933] INFO  com.browserstack.utils.Helpers - null
19:58:40.462 [ApplicationImpl pooled thread 3959] INFO  c.b.l.BrowserStackRunExtension - application
19:58:40.463 [ApplicationImpl pooled thread 3959] INFO  com.browserstack.utils.Helpers - null
19:59:32.825 [ApplicationImpl pooled thread 3933] INFO  c.b.l.BrowserStackRunExtension - application
19:59:32.826 [ApplicationImpl pooled thread 3933] INFO  com.browserstack.utils.Helpers - null
22:55:53.827 [ApplicationImpl pooled thread 4029] INFO  c.b.l.BrowserStackRunExtension - application
22:55:53.828 [ApplicationImpl pooled thread 4029] INFO  com.browserstack.utils.Helpers - null
23:00:46.296 [ApplicationImpl pooled thread 4037] INFO  c.b.l.BrowserStackRunExtension - application
23:00:46.296 [ApplicationImpl pooled thread 4037] INFO  com.browserstack.utils.Helpers - null
23:33:23.357 [ApplicationImpl pooled thread 4080] INFO  c.b.l.BrowserStackRunExtension - application
23:33:23.358 [ApplicationImpl pooled thread 4080] INFO  com.browserstack.utils.Helpers - null
23:33:47.885 [ApplicationImpl pooled thread 4082] INFO  c.b.l.BrowserStackRunExtension - application
23:33:47.885 [ApplicationImpl pooled thread 4082] INFO  com.browserstack.utils.Helpers - null
23:35:39.904 [ApplicationImpl pooled thread 4082] INFO  c.b.l.BrowserStackRunExtension - application
23:35:39.904 [ApplicationImpl pooled thread 4082] INFO  com.browserstack.utils.Helpers - null
23:37:03.660 [ApplicationImpl pooled thread 4060] INFO  c.b.l.BrowserStackRunExtension - application
23:37:03.660 [ApplicationImpl pooled thread 4060] INFO  com.browserstack.utils.Helpers - null
23:37:18.684 [ApplicationImpl pooled thread 4065] INFO  c.b.l.BrowserStackRunExtension - application
23:37:18.684 [ApplicationImpl pooled thread 4065] INFO  com.browserstack.utils.Helpers - null
23:38:42.836 [ApplicationImpl pooled thread 4089] INFO  c.b.l.BrowserStackRunExtension - application
23:38:42.837 [ApplicationImpl pooled thread 4089] INFO  com.browserstack.utils.Helpers - null
23:41:36.855 [ApplicationImpl pooled thread 4090] INFO  c.b.l.BrowserStackRunExtension - application
23:41:36.856 [ApplicationImpl pooled thread 4090] INFO  com.browserstack.utils.Helpers - null
09:53:07.744 [ApplicationImpl pooled thread 4142] INFO  c.b.l.BrowserStackRunExtension - application
09:53:07.744 [ApplicationImpl pooled thread 4142] INFO  com.browserstack.utils.Helpers - null
10:08:10.607 [ApplicationImpl pooled thread 4132] INFO  c.b.l.BrowserStackRunExtension - application
10:08:10.607 [ApplicationImpl pooled thread 4132] INFO  com.browserstack.utils.Helpers - null
10:08:52.435 [ApplicationImpl pooled thread 4149] INFO  c.b.l.BrowserStackRunExtension - application
10:08:52.435 [ApplicationImpl pooled thread 4149] INFO  com.browserstack.utils.Helpers - null
10:09:18.411 [ApplicationImpl pooled thread 4146] INFO  c.b.l.BrowserStackRunExtension - application
10:09:18.411 [ApplicationImpl pooled thread 4146] INFO  com.browserstack.utils.Helpers - null
10:09:28.173 [ApplicationImpl pooled thread 4143] INFO  c.b.l.BrowserStackRunExtension - application
10:09:28.173 [ApplicationImpl pooled thread 4143] INFO  com.browserstack.utils.Helpers - null
10:09:37.393 [ApplicationImpl pooled thread 4150] INFO  c.b.l.BrowserStackRunExtension - application
10:09:37.393 [ApplicationImpl pooled thread 4150] INFO  com.browserstack.utils.Helpers - null
10:09:58.696 [ApplicationImpl pooled thread 4146] INFO  c.b.l.BrowserStackRunExtension - application
10:09:58.696 [ApplicationImpl pooled thread 4146] INFO  com.browserstack.utils.Helpers - null
10:31:03.335 [ApplicationImpl pooled thread 4142] INFO  c.b.l.BrowserStackRunExtension - application
10:31:03.336 [ApplicationImpl pooled thread 4142] INFO  com.browserstack.utils.Helpers - null
10:32:09.217 [ApplicationImpl pooled thread 4164] INFO  c.b.l.BrowserStackRunExtension - application
10:32:09.217 [ApplicationImpl pooled thread 4164] INFO  com.browserstack.utils.Helpers - null
10:34:12.361 [ApplicationImpl pooled thread 4160] INFO  c.b.l.BrowserStackRunExtension - application
10:34:12.361 [ApplicationImpl pooled thread 4160] INFO  com.browserstack.utils.Helpers - null
10:34:34.412 [ApplicationImpl pooled thread 4162] INFO  c.b.l.BrowserStackRunExtension - application
10:34:34.413 [ApplicationImpl pooled thread 4162] INFO  com.browserstack.utils.Helpers - null
10:34:58.764 [ApplicationImpl pooled thread 4162] INFO  c.b.l.BrowserStackRunExtension - application
10:34:58.765 [ApplicationImpl pooled thread 4162] INFO  com.browserstack.utils.Helpers - null
10:36:52.947 [ApplicationImpl pooled thread 4142] INFO  c.b.l.BrowserStackRunExtension - application
10:36:52.948 [ApplicationImpl pooled thread 4142] INFO  com.browserstack.utils.Helpers - null
10:38:18.574 [ApplicationImpl pooled thread 4158] INFO  c.b.l.BrowserStackRunExtension - application
10:38:18.574 [ApplicationImpl pooled thread 4158] INFO  com.browserstack.utils.Helpers - null
11:44:32.586 [ApplicationImpl pooled thread 4209] INFO  c.b.l.BrowserStackRunExtension - application
11:44:32.586 [ApplicationImpl pooled thread 4209] INFO  com.browserstack.utils.Helpers - null
11:44:54.836 [ApplicationImpl pooled thread 4211] INFO  c.b.l.BrowserStackRunExtension - application
11:44:54.837 [ApplicationImpl pooled thread 4211] INFO  com.browserstack.utils.Helpers - null
11:45:25.006 [ApplicationImpl pooled thread 4206] INFO  c.b.l.BrowserStackRunExtension - application
11:45:25.006 [ApplicationImpl pooled thread 4206] INFO  com.browserstack.utils.Helpers - null
11:45:41.718 [ApplicationImpl pooled thread 4209] INFO  c.b.l.BrowserStackRunExtension - application
11:45:41.718 [ApplicationImpl pooled thread 4209] INFO  com.browserstack.utils.Helpers - null
12:50:17.788 [ApplicationImpl pooled thread 4235] INFO  c.b.l.BrowserStackRunExtension - application
12:50:17.788 [ApplicationImpl pooled thread 4235] INFO  com.browserstack.utils.Helpers - null
14:34:48.617 [ApplicationImpl pooled thread 7] INFO  c.b.l.BrowserStackRunExtension - application
14:34:48.618 [ApplicationImpl pooled thread 7] INFO  com.browserstack.utils.Helpers - null
14:35:26.589 [ApplicationImpl pooled thread 11] INFO  c.b.l.BrowserStackRunExtension - application
14:35:26.589 [ApplicationImpl pooled thread 11] INFO  com.browserstack.utils.Helpers - null
14:35:40.676 [ApplicationImpl pooled thread 15] INFO  c.b.l.BrowserStackRunExtension - application
14:35:40.676 [ApplicationImpl pooled thread 15] INFO  com.browserstack.utils.Helpers - null
14:36:47.545 [ApplicationImpl pooled thread 15] INFO  c.b.l.BrowserStackRunExtension - application
14:36:47.545 [ApplicationImpl pooled thread 15] INFO  com.browserstack.utils.Helpers - null
14:37:16.846 [ApplicationImpl pooled thread 16] INFO  c.b.l.BrowserStackRunExtension - application
14:37:16.846 [ApplicationImpl pooled thread 16] INFO  com.browserstack.utils.Helpers - null
14:38:09.560 [ApplicationImpl pooled thread 11] INFO  c.b.l.BrowserStackRunExtension - application
14:38:09.560 [ApplicationImpl pooled thread 11] INFO  com.browserstack.utils.Helpers - null
14:43:11.294 [ApplicationImpl pooled thread 16] INFO  c.b.l.BrowserStackRunExtension - application
14:43:11.294 [ApplicationImpl pooled thread 16] INFO  com.browserstack.utils.Helpers - null
14:45:22.777 [ApplicationImpl pooled thread 20] INFO  c.b.l.BrowserStackRunExtension - application
14:45:22.777 [ApplicationImpl pooled thread 20] INFO  com.browserstack.utils.Helpers - null
14:46:00.184 [ApplicationImpl pooled thread 16] INFO  c.b.l.BrowserStackRunExtension - application
14:46:00.184 [ApplicationImpl pooled thread 16] INFO  com.browserstack.utils.Helpers - null
14:46:13.295 [ApplicationImpl pooled thread 21] INFO  c.b.l.BrowserStackRunExtension - application
14:46:13.296 [ApplicationImpl pooled thread 21] INFO  com.browserstack.utils.Helpers - null
14:47:18.885 [ApplicationImpl pooled thread 18] INFO  c.b.l.BrowserStackRunExtension - application
14:47:18.885 [ApplicationImpl pooled thread 18] INFO  com.browserstack.utils.Helpers - null
14:47:35.537 [ApplicationImpl pooled thread 26] INFO  c.b.l.BrowserStackRunExtension - application
14:47:35.538 [ApplicationImpl pooled thread 26] INFO  com.browserstack.utils.Helpers - null
14:48:10.041 [ApplicationImpl pooled thread 21] INFO  c.b.l.BrowserStackRunExtension - application
14:48:10.041 [ApplicationImpl pooled thread 21] INFO  com.browserstack.utils.Helpers - null
16:11:48.757 [ApplicationImpl pooled thread 57] INFO  c.b.l.BrowserStackRunExtension - application
16:11:48.757 [ApplicationImpl pooled thread 57] INFO  com.browserstack.utils.Helpers - null
16:12:59.765 [ApplicationImpl pooled thread 57] INFO  c.b.l.BrowserStackRunExtension - application
16:12:59.765 [ApplicationImpl pooled thread 57] INFO  com.browserstack.utils.Helpers - null
21:30:45.300 [ApplicationImpl pooled thread 106] INFO  c.b.l.BrowserStackRunExtension - application
21:30:45.300 [ApplicationImpl pooled thread 106] INFO  com.browserstack.utils.Helpers - null
21:33:50.024 [ApplicationImpl pooled thread 116] INFO  c.b.l.BrowserStackRunExtension - application
21:33:50.024 [ApplicationImpl pooled thread 116] INFO  com.browserstack.utils.Helpers - null
23:33:18.435 [ApplicationImpl pooled thread 115] INFO  c.b.l.BrowserStackRunExtension - application
23:33:18.435 [ApplicationImpl pooled thread 115] INFO  com.browserstack.utils.Helpers - null
23:34:29.834 [ApplicationImpl pooled thread 164] INFO  c.b.l.BrowserStackRunExtension - application
23:34:29.835 [ApplicationImpl pooled thread 164] INFO  com.browserstack.utils.Helpers - null
23:35:15.112 [ApplicationImpl pooled thread 115] INFO  c.b.l.BrowserStackRunExtension - application
23:35:15.112 [ApplicationImpl pooled thread 115] INFO  com.browserstack.utils.Helpers - null
10:16:16.516 [ApplicationImpl pooled thread 215] INFO  c.b.l.BrowserStackRunExtension - application
10:16:16.517 [ApplicationImpl pooled thread 215] INFO  com.browserstack.utils.Helpers - null
10:19:51.053 [ApplicationImpl pooled thread 219] INFO  c.b.l.BrowserStackRunExtension - application
10:19:51.053 [ApplicationImpl pooled thread 219] INFO  com.browserstack.utils.Helpers - null
10:20:05.393 [ApplicationImpl pooled thread 219] INFO  c.b.l.BrowserStackRunExtension - application
10:20:05.393 [ApplicationImpl pooled thread 219] INFO  com.browserstack.utils.Helpers - null
10:20:22.251 [ApplicationImpl pooled thread 219] INFO  c.b.l.BrowserStackRunExtension - application
10:20:22.251 [ApplicationImpl pooled thread 219] INFO  com.browserstack.utils.Helpers - null
10:23:47.502 [ApplicationImpl pooled thread 220] INFO  c.b.l.BrowserStackRunExtension - application
10:23:47.502 [ApplicationImpl pooled thread 220] INFO  com.browserstack.utils.Helpers - null
10:23:51.701 [ApplicationImpl pooled thread 219] INFO  c.b.l.BrowserStackRunExtension - application
10:23:51.701 [ApplicationImpl pooled thread 219] INFO  com.browserstack.utils.Helpers - null
10:25:02.012 [ApplicationImpl pooled thread 221] INFO  c.b.l.BrowserStackRunExtension - application
10:25:02.012 [ApplicationImpl pooled thread 221] INFO  com.browserstack.utils.Helpers - null
10:25:22.309 [ApplicationImpl pooled thread 219] INFO  c.b.l.BrowserStackRunExtension - application
10:25:22.309 [ApplicationImpl pooled thread 219] INFO  com.browserstack.utils.Helpers - null
10:26:48.350 [ApplicationImpl pooled thread 223] INFO  c.b.l.BrowserStackRunExtension - application
10:26:48.350 [ApplicationImpl pooled thread 223] INFO  com.browserstack.utils.Helpers - null
10:28:41.237 [ApplicationImpl pooled thread 221] INFO  c.b.l.BrowserStackRunExtension - application
10:28:41.237 [ApplicationImpl pooled thread 221] INFO  com.browserstack.utils.Helpers - null
10:29:02.696 [ApplicationImpl pooled thread 220] INFO  c.b.l.BrowserStackRunExtension - application
10:29:02.696 [ApplicationImpl pooled thread 220] INFO  com.browserstack.utils.Helpers - null
10:31:25.430 [ApplicationImpl pooled thread 220] INFO  c.b.l.BrowserStackRunExtension - application
10:31:25.430 [ApplicationImpl pooled thread 220] INFO  com.browserstack.utils.Helpers - null
10:32:28.167 [ApplicationImpl pooled thread 220] INFO  c.b.l.BrowserStackRunExtension - application
10:32:28.167 [ApplicationImpl pooled thread 220] INFO  com.browserstack.utils.Helpers - null
10:33:01.975 [ApplicationImpl pooled thread 229] INFO  c.b.l.BrowserStackRunExtension - application
10:33:01.975 [ApplicationImpl pooled thread 229] INFO  com.browserstack.utils.Helpers - null
10:35:16.810 [ApplicationImpl pooled thread 231] INFO  c.b.l.BrowserStackRunExtension - application
10:35:16.810 [ApplicationImpl pooled thread 231] INFO  com.browserstack.utils.Helpers - null
10:36:52.195 [ApplicationImpl pooled thread 223] INFO  c.b.l.BrowserStackRunExtension - application
10:36:52.195 [ApplicationImpl pooled thread 223] INFO  com.browserstack.utils.Helpers - null
10:37:44.433 [ApplicationImpl pooled thread 229] INFO  c.b.l.BrowserStackRunExtension - application
10:37:44.433 [ApplicationImpl pooled thread 229] INFO  com.browserstack.utils.Helpers - null
10:39:13.134 [ApplicationImpl pooled thread 231] INFO  c.b.l.BrowserStackRunExtension - application
10:39:13.134 [ApplicationImpl pooled thread 231] INFO  com.browserstack.utils.Helpers - null
10:40:20.855 [ApplicationImpl pooled thread 231] INFO  c.b.l.BrowserStackRunExtension - application
10:40:20.855 [ApplicationImpl pooled thread 231] INFO  com.browserstack.utils.Helpers - null
10:40:33.757 [ApplicationImpl pooled thread 224] INFO  c.b.l.BrowserStackRunExtension - application
10:40:33.757 [ApplicationImpl pooled thread 224] INFO  com.browserstack.utils.Helpers - null
10:41:29.494 [ApplicationImpl pooled thread 227] INFO  c.b.l.BrowserStackRunExtension - application
10:41:29.495 [ApplicationImpl pooled thread 227] INFO  com.browserstack.utils.Helpers - null
11:02:09.726 [ApplicationImpl pooled thread 227] INFO  c.b.l.BrowserStackRunExtension - application
11:02:09.726 [ApplicationImpl pooled thread 227] INFO  com.browserstack.utils.Helpers - null
11:02:17.893 [ApplicationImpl pooled thread 227] INFO  c.b.l.BrowserStackRunExtension - application
11:02:17.893 [ApplicationImpl pooled thread 227] INFO  com.browserstack.utils.Helpers - null
11:05:18.291 [ApplicationImpl pooled thread 244] INFO  c.b.l.BrowserStackRunExtension - application
11:05:18.291 [ApplicationImpl pooled thread 244] INFO  com.browserstack.utils.Helpers - null
11:09:02.383 [ApplicationImpl pooled thread 245] INFO  c.b.l.BrowserStackRunExtension - application
11:09:02.383 [ApplicationImpl pooled thread 245] INFO  com.browserstack.utils.Helpers - null
11:11:42.305 [ApplicationImpl pooled thread 249] INFO  c.b.l.BrowserStackRunExtension - application
11:11:42.306 [ApplicationImpl pooled thread 249] INFO  com.browserstack.utils.Helpers - null
11:20:30.006 [ApplicationImpl pooled thread 252] INFO  c.b.l.BrowserStackRunExtension - application
11:20:30.006 [ApplicationImpl pooled thread 252] INFO  com.browserstack.utils.Helpers - null
11:22:34.974 [ApplicationImpl pooled thread 248] INFO  c.b.l.BrowserStackRunExtension - application
11:22:34.974 [ApplicationImpl pooled thread 248] INFO  com.browserstack.utils.Helpers - null
11:24:55.767 [ApplicationImpl pooled thread 258] INFO  c.b.l.BrowserStackRunExtension - application
11:24:55.767 [ApplicationImpl pooled thread 258] INFO  com.browserstack.utils.Helpers - null
11:26:23.060 [ApplicationImpl pooled thread 258] INFO  c.b.l.BrowserStackRunExtension - application
11:26:23.060 [ApplicationImpl pooled thread 258] INFO  com.browserstack.utils.Helpers - null
11:27:36.003 [ApplicationImpl pooled thread 265] INFO  c.b.l.BrowserStackRunExtension - application
11:27:36.003 [ApplicationImpl pooled thread 265] INFO  com.browserstack.utils.Helpers - null
11:27:48.792 [ApplicationImpl pooled thread 267] INFO  c.b.l.BrowserStackRunExtension - application
11:27:48.793 [ApplicationImpl pooled thread 267] INFO  com.browserstack.utils.Helpers - null
11:28:11.149 [ApplicationImpl pooled thread 267] INFO  c.b.l.BrowserStackRunExtension - application
11:28:11.149 [ApplicationImpl pooled thread 267] INFO  com.browserstack.utils.Helpers - null
11:30:09.303 [ApplicationImpl pooled thread 248] INFO  c.b.l.BrowserStackRunExtension - application
11:30:09.303 [ApplicationImpl pooled thread 248] INFO  com.browserstack.utils.Helpers - null
13:04:13.523 [ApplicationImpl pooled thread 286] INFO  c.b.l.BrowserStackRunExtension - application
13:04:13.523 [ApplicationImpl pooled thread 286] INFO  com.browserstack.utils.Helpers - null
13:13:05.902 [ApplicationImpl pooled thread 289] INFO  c.b.l.BrowserStackRunExtension - application
13:13:05.902 [ApplicationImpl pooled thread 289] INFO  com.browserstack.utils.Helpers - null
13:14:37.569 [ApplicationImpl pooled thread 296] INFO  c.b.l.BrowserStackRunExtension - application
13:14:37.569 [ApplicationImpl pooled thread 296] INFO  com.browserstack.utils.Helpers - null
13:28:33.429 [ApplicationImpl pooled thread 303] INFO  c.b.l.BrowserStackRunExtension - application
13:28:33.429 [ApplicationImpl pooled thread 303] INFO  com.browserstack.utils.Helpers - null
13:29:08.402 [ApplicationImpl pooled thread 301] INFO  c.b.l.BrowserStackRunExtension - application
13:29:08.402 [ApplicationImpl pooled thread 301] INFO  com.browserstack.utils.Helpers - null
13:43:55.282 [ApplicationImpl pooled thread 307] INFO  c.b.l.BrowserStackRunExtension - application
13:43:55.283 [ApplicationImpl pooled thread 307] INFO  com.browserstack.utils.Helpers - null
13:45:03.299 [ApplicationImpl pooled thread 313] INFO  c.b.l.BrowserStackRunExtension - application
13:45:03.299 [ApplicationImpl pooled thread 313] INFO  com.browserstack.utils.Helpers - null
13:45:56.352 [ApplicationImpl pooled thread 314] INFO  c.b.l.BrowserStackRunExtension - application
13:45:56.352 [ApplicationImpl pooled thread 314] INFO  com.browserstack.utils.Helpers - null
14:00:03.157 [ApplicationImpl pooled thread 316] INFO  c.b.l.BrowserStackRunExtension - application
14:00:03.157 [ApplicationImpl pooled thread 316] INFO  com.browserstack.utils.Helpers - null
14:01:28.104 [ApplicationImpl pooled thread 317] INFO  c.b.l.BrowserStackRunExtension - application
14:01:28.105 [ApplicationImpl pooled thread 317] INFO  com.browserstack.utils.Helpers - null
14:02:25.728 [ApplicationImpl pooled thread 324] INFO  c.b.l.BrowserStackRunExtension - application
14:02:25.728 [ApplicationImpl pooled thread 324] INFO  com.browserstack.utils.Helpers - null
14:06:19.275 [ApplicationImpl pooled thread 322] INFO  c.b.l.BrowserStackRunExtension - application
14:06:19.276 [ApplicationImpl pooled thread 322] INFO  com.browserstack.utils.Helpers - null
14:06:40.273 [ApplicationImpl pooled thread 327] INFO  c.b.l.BrowserStackRunExtension - application
14:06:40.273 [ApplicationImpl pooled thread 327] INFO  com.browserstack.utils.Helpers - null
14:58:07.778 [ApplicationImpl pooled thread 361] INFO  c.b.l.BrowserStackRunExtension - application
14:58:07.779 [ApplicationImpl pooled thread 361] INFO  com.browserstack.utils.Helpers - null
14:59:24.041 [ApplicationImpl pooled thread 361] INFO  c.b.l.BrowserStackRunExtension - application
14:59:24.041 [ApplicationImpl pooled thread 361] INFO  com.browserstack.utils.Helpers - null
14:59:52.060 [ApplicationImpl pooled thread 369] INFO  c.b.l.BrowserStackRunExtension - application
14:59:52.061 [ApplicationImpl pooled thread 369] INFO  com.browserstack.utils.Helpers - null
15:01:17.181 [ApplicationImpl pooled thread 349] INFO  c.b.l.BrowserStackRunExtension - application
15:01:17.181 [ApplicationImpl pooled thread 349] INFO  com.browserstack.utils.Helpers - null
15:01:25.685 [ApplicationImpl pooled thread 349] INFO  c.b.l.BrowserStackRunExtension - application
15:01:25.685 [ApplicationImpl pooled thread 349] INFO  com.browserstack.utils.Helpers - null
15:03:26.553 [ApplicationImpl pooled thread 368] INFO  c.b.l.BrowserStackRunExtension - application
15:03:26.553 [ApplicationImpl pooled thread 368] INFO  com.browserstack.utils.Helpers - null
00:36:37.174 [ApplicationImpl pooled thread 18] INFO  c.b.l.BrowserStackRunExtension - application
00:36:37.175 [ApplicationImpl pooled thread 18] INFO  com.browserstack.utils.Helpers - null
17:12:41.134 [ApplicationImpl pooled thread 1] INFO  c.b.l.BrowserStackRunExtension - application
17:12:41.135 [ApplicationImpl pooled thread 1] INFO  com.browserstack.utils.Helpers - null
17:13:18.278 [ApplicationImpl pooled thread 3] INFO  c.b.l.BrowserStackRunExtension - application
17:13:18.279 [ApplicationImpl pooled thread 3] INFO  com.browserstack.utils.Helpers - null
17:13:51.460 [ApplicationImpl pooled thread 3] INFO  c.b.l.BrowserStackRunExtension - application
17:13:51.460 [ApplicationImpl pooled thread 3] INFO  com.browserstack.utils.Helpers - null
17:15:09.942 [ApplicationImpl pooled thread 9] INFO  c.b.l.BrowserStackRunExtension - application
17:15:09.942 [ApplicationImpl pooled thread 9] INFO  com.browserstack.utils.Helpers - null
17:17:01.425 [ApplicationImpl pooled thread 9] INFO  c.b.l.BrowserStackRunExtension - application
17:17:01.425 [ApplicationImpl pooled thread 9] INFO  com.browserstack.utils.Helpers - null
17:27:37.081 [ApplicationImpl pooled thread 17] INFO  c.b.l.BrowserStackRunExtension - application
17:27:37.081 [ApplicationImpl pooled thread 17] INFO  com.browserstack.utils.Helpers - null
17:34:50.935 [ApplicationImpl pooled thread 22] INFO  c.b.l.BrowserStackRunExtension - application
17:34:50.935 [ApplicationImpl pooled thread 22] INFO  com.browserstack.utils.Helpers - null
18:52:35.371 [ApplicationImpl pooled thread 38] INFO  c.b.l.BrowserStackRunExtension - application
18:52:35.371 [ApplicationImpl pooled thread 38] INFO  com.browserstack.utils.Helpers - null
18:52:51.260 [ApplicationImpl pooled thread 39] INFO  c.b.l.BrowserStackRunExtension - application
18:52:51.260 [ApplicationImpl pooled thread 39] INFO  com.browserstack.utils.Helpers - null
18:53:11.428 [ApplicationImpl pooled thread 37] INFO  c.b.l.BrowserStackRunExtension - application
18:53:11.428 [ApplicationImpl pooled thread 37] INFO  com.browserstack.utils.Helpers - null
18:53:41.871 [ApplicationImpl pooled thread 42] INFO  c.b.l.BrowserStackRunExtension - application
18:53:41.871 [ApplicationImpl pooled thread 42] INFO  com.browserstack.utils.Helpers - null
18:54:39.194 [ApplicationImpl pooled thread 39] INFO  c.b.l.BrowserStackRunExtension - application
18:54:39.194 [ApplicationImpl pooled thread 39] INFO  com.browserstack.utils.Helpers - null
19:00:50.240 [ApplicationImpl pooled thread 44] INFO  c.b.l.BrowserStackRunExtension - application
19:00:50.240 [ApplicationImpl pooled thread 44] INFO  com.browserstack.utils.Helpers - null
19:04:48.296 [ApplicationImpl pooled thread 44] INFO  c.b.l.BrowserStackRunExtension - application
19:04:48.297 [ApplicationImpl pooled thread 44] INFO  com.browserstack.utils.Helpers - null
01:43:38.461 [ApplicationImpl pooled thread 131] INFO  c.b.l.BrowserStackRunExtension - application
01:43:38.461 [ApplicationImpl pooled thread 131] INFO  com.browserstack.utils.Helpers - null
01:45:08.143 [ApplicationImpl pooled thread 137] INFO  c.b.l.BrowserStackRunExtension - application
01:45:08.143 [ApplicationImpl pooled thread 137] INFO  com.browserstack.utils.Helpers - null
01:45:27.190 [ApplicationImpl pooled thread 131] INFO  c.b.l.BrowserStackRunExtension - application
01:45:27.190 [ApplicationImpl pooled thread 131] INFO  com.browserstack.utils.Helpers - null
01:48:42.810 [ApplicationImpl pooled thread 131] INFO  c.b.l.BrowserStackRunExtension - application
01:48:42.811 [ApplicationImpl pooled thread 131] INFO  com.browserstack.utils.Helpers - null
01:50:09.236 [ApplicationImpl pooled thread 132] INFO  c.b.l.BrowserStackRunExtension - application
01:50:09.237 [ApplicationImpl pooled thread 132] INFO  com.browserstack.utils.Helpers - null
01:51:15.283 [ApplicationImpl pooled thread 145] INFO  c.b.l.BrowserStackRunExtension - application
01:51:15.283 [ApplicationImpl pooled thread 145] INFO  com.browserstack.utils.Helpers - null
01:38:16.870 [ApplicationImpl pooled thread 163] INFO  c.b.l.BrowserStackRunExtension - application
01:38:16.870 [ApplicationImpl pooled thread 163] INFO  com.browserstack.utils.Helpers - null
10:21:41.968 [ApplicationImpl pooled thread 187] INFO  c.b.l.BrowserStackRunExtension - application
10:21:41.968 [ApplicationImpl pooled thread 187] INFO  com.browserstack.utils.Helpers - null
10:22:02.252 [ApplicationImpl pooled thread 183] INFO  c.b.l.BrowserStackRunExtension - application
10:22:02.253 [ApplicationImpl pooled thread 183] INFO  com.browserstack.utils.Helpers - null
10:32:12.200 [ApplicationImpl pooled thread 195] INFO  c.b.l.BrowserStackRunExtension - application
10:32:12.200 [ApplicationImpl pooled thread 195] INFO  com.browserstack.utils.Helpers - null
10:46:56.177 [ApplicationImpl pooled thread 196] INFO  c.b.l.BrowserStackRunExtension - application
10:46:56.178 [ApplicationImpl pooled thread 196] INFO  com.browserstack.utils.Helpers - null
10:47:14.537 [ApplicationImpl pooled thread 200] INFO  c.b.l.BrowserStackRunExtension - application
10:47:14.537 [ApplicationImpl pooled thread 200] INFO  com.browserstack.utils.Helpers - null
10:47:20.073 [ApplicationImpl pooled thread 200] INFO  c.b.l.BrowserStackRunExtension - application
10:47:20.074 [ApplicationImpl pooled thread 200] INFO  com.browserstack.utils.Helpers - null
10:47:25.323 [ApplicationImpl pooled thread 200] INFO  c.b.l.BrowserStackRunExtension - application
10:47:25.323 [ApplicationImpl pooled thread 200] INFO  com.browserstack.utils.Helpers - null
10:48:54.974 [ApplicationImpl pooled thread 196] INFO  c.b.l.BrowserStackRunExtension - application
10:48:54.976 [ApplicationImpl pooled thread 196] INFO  com.browserstack.utils.Helpers - null
10:49:37.029 [ApplicationImpl pooled thread 200] INFO  c.b.l.BrowserStackRunExtension - application
10:49:37.029 [ApplicationImpl pooled thread 200] INFO  com.browserstack.utils.Helpers - null
10:50:20.459 [ApplicationImpl pooled thread 200] INFO  c.b.l.BrowserStackRunExtension - application
10:50:20.460 [ApplicationImpl pooled thread 200] INFO  com.browserstack.utils.Helpers - null
10:50:55.976 [ApplicationImpl pooled thread 187] INFO  c.b.l.BrowserStackRunExtension - application
10:50:55.976 [ApplicationImpl pooled thread 187] INFO  com.browserstack.utils.Helpers - null
10:51:06.361 [ApplicationImpl pooled thread 196] INFO  c.b.l.BrowserStackRunExtension - application
10:51:06.361 [ApplicationImpl pooled thread 196] INFO  com.browserstack.utils.Helpers - null
10:55:50.291 [ApplicationImpl pooled thread 207] INFO  c.b.l.BrowserStackRunExtension - application
10:55:50.292 [ApplicationImpl pooled thread 207] INFO  com.browserstack.utils.Helpers - null
16:17:24.839 [ApplicationImpl pooled thread 279] INFO  c.b.l.BrowserStackRunExtension - application
16:17:24.839 [ApplicationImpl pooled thread 279] INFO  com.browserstack.utils.Helpers - null
16:18:38.606 [ApplicationImpl pooled thread 282] INFO  c.b.l.BrowserStackRunExtension - application
16:18:38.606 [ApplicationImpl pooled thread 282] INFO  com.browserstack.utils.Helpers - null
16:19:13.047 [ApplicationImpl pooled thread 270] INFO  c.b.l.BrowserStackRunExtension - application
16:19:13.048 [ApplicationImpl pooled thread 270] INFO  com.browserstack.utils.Helpers - null
16:28:34.897 [ApplicationImpl pooled thread 282] INFO  c.b.l.BrowserStackRunExtension - application
16:28:34.898 [ApplicationImpl pooled thread 282] INFO  com.browserstack.utils.Helpers - null
16:29:38.474 [ApplicationImpl pooled thread 282] INFO  c.b.l.BrowserStackRunExtension - application
16:29:38.474 [ApplicationImpl pooled thread 282] INFO  com.browserstack.utils.Helpers - null
16:30:50.323 [ApplicationImpl pooled thread 282] INFO  c.b.l.BrowserStackRunExtension - application
16:30:50.323 [ApplicationImpl pooled thread 282] INFO  com.browserstack.utils.Helpers - null
16:31:06.186 [ApplicationImpl pooled thread 292] INFO  c.b.l.BrowserStackRunExtension - application
16:31:06.186 [ApplicationImpl pooled thread 292] INFO  com.browserstack.utils.Helpers - null
16:31:37.635 [ApplicationImpl pooled thread 288] INFO  c.b.l.BrowserStackRunExtension - application
16:31:37.635 [ApplicationImpl pooled thread 288] INFO  com.browserstack.utils.Helpers - null
16:32:02.161 [ApplicationImpl pooled thread 288] INFO  c.b.l.BrowserStackRunExtension - application
16:32:02.161 [ApplicationImpl pooled thread 288] INFO  com.browserstack.utils.Helpers - null
16:32:43.411 [ApplicationImpl pooled thread 289] INFO  c.b.l.BrowserStackRunExtension - application
16:32:43.411 [ApplicationImpl pooled thread 289] INFO  com.browserstack.utils.Helpers - null
16:33:24.471 [ApplicationImpl pooled thread 285] INFO  c.b.l.BrowserStackRunExtension - application
16:33:24.471 [ApplicationImpl pooled thread 285] INFO  com.browserstack.utils.Helpers - null
16:38:17.285 [ApplicationImpl pooled thread 297] INFO  c.b.l.BrowserStackRunExtension - application
16:38:17.285 [ApplicationImpl pooled thread 297] INFO  com.browserstack.utils.Helpers - null
16:38:41.896 [ApplicationImpl pooled thread 297] INFO  c.b.l.BrowserStackRunExtension - application
16:38:41.896 [ApplicationImpl pooled thread 297] INFO  com.browserstack.utils.Helpers - null
16:40:17.952 [ApplicationImpl pooled thread 282] INFO  c.b.l.BrowserStackRunExtension - application
16:40:17.953 [ApplicationImpl pooled thread 282] INFO  com.browserstack.utils.Helpers - null
16:43:48.436 [ApplicationImpl pooled thread 313] INFO  c.b.l.BrowserStackRunExtension - application
16:43:48.436 [ApplicationImpl pooled thread 313] INFO  com.browserstack.utils.Helpers - null
16:48:54.521 [ApplicationImpl pooled thread 333] INFO  c.b.l.BrowserStackRunExtension - application
16:48:54.521 [ApplicationImpl pooled thread 333] INFO  com.browserstack.utils.Helpers - null
16:55:52.784 [ApplicationImpl pooled thread 321] INFO  c.b.l.BrowserStackRunExtension - application
16:55:52.784 [ApplicationImpl pooled thread 321] INFO  com.browserstack.utils.Helpers - null
16:59:21.949 [ApplicationImpl pooled thread 321] INFO  c.b.l.BrowserStackRunExtension - application
16:59:21.949 [ApplicationImpl pooled thread 321] INFO  com.browserstack.utils.Helpers - null
17:00:03.690 [ApplicationImpl pooled thread 343] INFO  c.b.l.BrowserStackRunExtension - application
17:00:03.690 [ApplicationImpl pooled thread 343] INFO  com.browserstack.utils.Helpers - null
17:00:40.611 [ApplicationImpl pooled thread 340] INFO  c.b.l.BrowserStackRunExtension - application
17:00:40.611 [ApplicationImpl pooled thread 340] INFO  com.browserstack.utils.Helpers - null
17:00:59.180 [ApplicationImpl pooled thread 345] INFO  c.b.l.BrowserStackRunExtension - application
17:00:59.180 [ApplicationImpl pooled thread 345] INFO  com.browserstack.utils.Helpers - null
17:04:38.101 [ApplicationImpl pooled thread 340] INFO  c.b.l.BrowserStackRunExtension - application
17:04:38.101 [ApplicationImpl pooled thread 340] INFO  com.browserstack.utils.Helpers - null
17:05:11.276 [ApplicationImpl pooled thread 345] INFO  c.b.l.BrowserStackRunExtension - application
17:05:11.276 [ApplicationImpl pooled thread 345] INFO  com.browserstack.utils.Helpers - null
17:36:27.917 [ApplicationImpl pooled thread 357] INFO  c.b.l.BrowserStackRunExtension - application
17:36:27.917 [ApplicationImpl pooled thread 357] INFO  com.browserstack.utils.Helpers - null
17:39:30.626 [ApplicationImpl pooled thread 356] INFO  c.b.l.BrowserStackRunExtension - application
17:39:30.627 [ApplicationImpl pooled thread 356] INFO  com.browserstack.utils.Helpers - null
17:40:21.662 [ApplicationImpl pooled thread 356] INFO  c.b.l.BrowserStackRunExtension - application
17:40:21.662 [ApplicationImpl pooled thread 356] INFO  com.browserstack.utils.Helpers - null
17:40:25.934 [ApplicationImpl pooled thread 359] INFO  c.b.l.BrowserStackRunExtension - application
17:40:25.934 [ApplicationImpl pooled thread 359] INFO  com.browserstack.utils.Helpers - null
17:42:13.305 [ApplicationImpl pooled thread 363] INFO  c.b.l.BrowserStackRunExtension - application
17:42:13.305 [ApplicationImpl pooled thread 363] INFO  com.browserstack.utils.Helpers - null
17:42:53.378 [ApplicationImpl pooled thread 364] INFO  c.b.l.BrowserStackRunExtension - application
17:42:53.378 [ApplicationImpl pooled thread 364] INFO  com.browserstack.utils.Helpers - null
17:43:01.944 [ApplicationImpl pooled thread 365] INFO  c.b.l.BrowserStackRunExtension - application
17:43:01.944 [ApplicationImpl pooled thread 365] INFO  com.browserstack.utils.Helpers - null
17:43:05.198 [ApplicationImpl pooled thread 359] INFO  c.b.l.BrowserStackRunExtension - application
17:43:05.199 [ApplicationImpl pooled thread 359] INFO  com.browserstack.utils.Helpers - null
17:43:28.513 [ApplicationImpl pooled thread 364] INFO  c.b.l.BrowserStackRunExtension - application
17:43:28.514 [ApplicationImpl pooled thread 364] INFO  com.browserstack.utils.Helpers - null
17:43:35.090 [ApplicationImpl pooled thread 365] INFO  c.b.l.BrowserStackRunExtension - application
17:43:35.090 [ApplicationImpl pooled thread 365] INFO  com.browserstack.utils.Helpers - null
17:45:03.872 [ApplicationImpl pooled thread 359] INFO  c.b.l.BrowserStackRunExtension - application
17:45:03.872 [ApplicationImpl pooled thread 359] INFO  com.browserstack.utils.Helpers - null
17:45:38.017 [ApplicationImpl pooled thread 369] INFO  c.b.l.BrowserStackRunExtension - application
17:45:38.017 [ApplicationImpl pooled thread 369] INFO  com.browserstack.utils.Helpers - null
17:46:05.305 [ApplicationImpl pooled thread 365] INFO  c.b.l.BrowserStackRunExtension - application
17:46:05.305 [ApplicationImpl pooled thread 365] INFO  com.browserstack.utils.Helpers - null
17:46:08.030 [ApplicationImpl pooled thread 370] INFO  c.b.l.BrowserStackRunExtension - application
17:46:08.030 [ApplicationImpl pooled thread 370] INFO  com.browserstack.utils.Helpers - null
17:49:01.774 [ApplicationImpl pooled thread 368] INFO  c.b.l.BrowserStackRunExtension - application
17:49:01.774 [ApplicationImpl pooled thread 368] INFO  com.browserstack.utils.Helpers - null
18:39:52.993 [ApplicationImpl pooled thread 391] INFO  c.b.l.BrowserStackRunExtension - application
18:39:52.993 [ApplicationImpl pooled thread 391] INFO  com.browserstack.utils.Helpers - null
18:40:17.266 [ApplicationImpl pooled thread 391] INFO  c.b.l.BrowserStackRunExtension - application
18:40:17.266 [ApplicationImpl pooled thread 391] INFO  com.browserstack.utils.Helpers - null
19:13:31.987 [ApplicationImpl pooled thread 404] INFO  c.b.l.BrowserStackRunExtension - application
19:13:31.987 [ApplicationImpl pooled thread 404] INFO  com.browserstack.utils.Helpers - null
19:14:37.830 [ApplicationImpl pooled thread 400] INFO  c.b.l.BrowserStackRunExtension - application
19:14:37.830 [ApplicationImpl pooled thread 400] INFO  com.browserstack.utils.Helpers - null
19:15:45.210 [ApplicationImpl pooled thread 403] INFO  c.b.l.BrowserStackRunExtension - application
19:15:45.210 [ApplicationImpl pooled thread 403] INFO  com.browserstack.utils.Helpers - null
19:18:02.026 [ApplicationImpl pooled thread 403] INFO  c.b.l.BrowserStackRunExtension - application
19:18:02.026 [ApplicationImpl pooled thread 403] INFO  com.browserstack.utils.Helpers - null
19:18:33.637 [ApplicationImpl pooled thread 403] INFO  c.b.l.BrowserStackRunExtension - application
19:18:33.637 [ApplicationImpl pooled thread 403] INFO  com.browserstack.utils.Helpers - null
19:18:50.029 [ApplicationImpl pooled thread 403] INFO  c.b.l.BrowserStackRunExtension - application
19:18:50.029 [ApplicationImpl pooled thread 403] INFO  com.browserstack.utils.Helpers - null
19:20:49.663 [ApplicationImpl pooled thread 415] INFO  c.b.l.BrowserStackRunExtension - application
19:20:49.663 [ApplicationImpl pooled thread 415] INFO  com.browserstack.utils.Helpers - null
19:23:39.930 [ApplicationImpl pooled thread 414] INFO  c.b.l.BrowserStackRunExtension - application
19:23:39.930 [ApplicationImpl pooled thread 414] INFO  com.browserstack.utils.Helpers - null
20:26:00.764 [ApplicationImpl pooled thread 428] INFO  c.b.l.BrowserStackRunExtension - application
20:26:00.764 [ApplicationImpl pooled thread 428] INFO  com.browserstack.utils.Helpers - null
20:30:24.861 [ApplicationImpl pooled thread 429] INFO  c.b.l.BrowserStackRunExtension - application
20:30:24.862 [ApplicationImpl pooled thread 429] INFO  com.browserstack.utils.Helpers - null
20:32:59.366 [ApplicationImpl pooled thread 429] INFO  c.b.l.BrowserStackRunExtension - application
20:32:59.366 [ApplicationImpl pooled thread 429] INFO  com.browserstack.utils.Helpers - null
21:53:15.944 [ApplicationImpl pooled thread 462] INFO  c.b.l.BrowserStackRunExtension - application
21:53:15.944 [ApplicationImpl pooled thread 462] INFO  com.browserstack.utils.Helpers - null
09:40:02.391 [ApplicationImpl pooled thread 510] INFO  c.b.l.BrowserStackRunExtension - application
09:40:02.392 [ApplicationImpl pooled thread 510] INFO  com.browserstack.utils.Helpers - null
09:42:00.022 [ApplicationImpl pooled thread 512] INFO  c.b.l.BrowserStackRunExtension - application
09:42:00.023 [ApplicationImpl pooled thread 512] INFO  com.browserstack.utils.Helpers - null
09:42:33.462 [ApplicationImpl pooled thread 510] INFO  c.b.l.BrowserStackRunExtension - application
09:42:33.462 [ApplicationImpl pooled thread 510] INFO  com.browserstack.utils.Helpers - null
09:45:57.936 [ApplicationImpl pooled thread 510] INFO  c.b.l.BrowserStackRunExtension - application
09:45:57.936 [ApplicationImpl pooled thread 510] INFO  com.browserstack.utils.Helpers - null
09:50:40.825 [ApplicationImpl pooled thread 519] INFO  c.b.l.BrowserStackRunExtension - application
09:50:40.826 [ApplicationImpl pooled thread 519] INFO  com.browserstack.utils.Helpers - null
09:53:56.052 [ApplicationImpl pooled thread 519] INFO  c.b.l.BrowserStackRunExtension - application
09:53:56.052 [ApplicationImpl pooled thread 519] INFO  com.browserstack.utils.Helpers - null
10:21:20.922 [ApplicationImpl pooled thread 534] INFO  c.b.l.BrowserStackRunExtension - application
10:21:20.922 [ApplicationImpl pooled thread 534] INFO  com.browserstack.utils.Helpers - null
10:29:31.361 [ApplicationImpl pooled thread 537] INFO  c.b.l.BrowserStackRunExtension - application
10:29:31.362 [ApplicationImpl pooled thread 537] INFO  com.browserstack.utils.Helpers - null
10:31:58.307 [ApplicationImpl pooled thread 537] INFO  c.b.l.BrowserStackRunExtension - application
10:31:58.307 [ApplicationImpl pooled thread 537] INFO  com.browserstack.utils.Helpers - null
10:39:12.772 [ApplicationImpl pooled thread 541] INFO  c.b.l.BrowserStackRunExtension - application
10:39:12.772 [ApplicationImpl pooled thread 541] INFO  com.browserstack.utils.Helpers - null
10:40:45.499 [ApplicationImpl pooled thread 548] INFO  c.b.l.BrowserStackRunExtension - application
10:40:45.499 [ApplicationImpl pooled thread 548] INFO  com.browserstack.utils.Helpers - null
15:07:25.975 [ApplicationImpl pooled thread 870] INFO  c.b.l.BrowserStackRunExtension - application
15:07:25.975 [ApplicationImpl pooled thread 870] INFO  com.browserstack.utils.Helpers - null
15:08:49.773 [ApplicationImpl pooled thread 866] INFO  c.b.l.BrowserStackRunExtension - application
15:08:49.774 [ApplicationImpl pooled thread 866] INFO  com.browserstack.utils.Helpers - null
18:52:31.241 [ApplicationImpl pooled thread 1282] INFO  c.b.l.BrowserStackRunExtension - application
18:52:31.241 [ApplicationImpl pooled thread 1282] INFO  com.browserstack.utils.Helpers - null
18:54:14.903 [ApplicationImpl pooled thread 1278] INFO  c.b.l.BrowserStackRunExtension - application
18:54:14.903 [ApplicationImpl pooled thread 1278] INFO  com.browserstack.utils.Helpers - null
13:53:25.609 [ApplicationImpl pooled thread 1443] INFO  c.b.l.BrowserStackRunExtension - application
13:53:25.610 [ApplicationImpl pooled thread 1443] INFO  com.browserstack.utils.Helpers - null
13:54:37.576 [ApplicationImpl pooled thread 1446] INFO  c.b.l.BrowserStackRunExtension - application
13:54:37.576 [ApplicationImpl pooled thread 1446] INFO  com.browserstack.utils.Helpers - null
13:57:11.932 [ApplicationImpl pooled thread 1444] INFO  c.b.l.BrowserStackRunExtension - application
13:57:11.934 [ApplicationImpl pooled thread 1444] INFO  com.browserstack.utils.Helpers - null
14:33:39.348 [ApplicationImpl pooled thread 1462] INFO  c.b.l.BrowserStackRunExtension - application
14:33:39.348 [ApplicationImpl pooled thread 1462] INFO  com.browserstack.utils.Helpers - null
14:34:27.204 [ApplicationImpl pooled thread 1466] INFO  c.b.l.BrowserStackRunExtension - application
14:34:27.204 [ApplicationImpl pooled thread 1466] INFO  com.browserstack.utils.Helpers - null
14:39:38.648 [ApplicationImpl pooled thread 1466] INFO  c.b.l.BrowserStackRunExtension - application
14:39:38.649 [ApplicationImpl pooled thread 1466] INFO  com.browserstack.utils.Helpers - null
14:42:02.138 [ApplicationImpl pooled thread 1475] INFO  c.b.l.BrowserStackRunExtension - application
14:42:02.139 [ApplicationImpl pooled thread 1475] INFO  com.browserstack.utils.Helpers - null
11:43:40.653 [ApplicationImpl pooled thread 1756] INFO  c.b.l.BrowserStackRunExtension - application
11:43:40.653 [ApplicationImpl pooled thread 1756] INFO  com.browserstack.utils.Helpers - null
11:44:09.055 [ApplicationImpl pooled thread 1746] INFO  c.b.l.BrowserStackRunExtension - application
11:44:09.055 [ApplicationImpl pooled thread 1746] INFO  com.browserstack.utils.Helpers - null
11:45:00.216 [ApplicationImpl pooled thread 1753] INFO  c.b.l.BrowserStackRunExtension - application
11:45:00.216 [ApplicationImpl pooled thread 1753] INFO  com.browserstack.utils.Helpers - null
11:51:10.014 [ApplicationImpl pooled thread 1759] INFO  c.b.l.BrowserStackRunExtension - application
11:51:10.014 [ApplicationImpl pooled thread 1759] INFO  com.browserstack.utils.Helpers - null
11:51:27.597 [ApplicationImpl pooled thread 1761] INFO  c.b.l.BrowserStackRunExtension - application
11:51:27.597 [ApplicationImpl pooled thread 1761] INFO  com.browserstack.utils.Helpers - null
11:54:28.677 [ApplicationImpl pooled thread 1763] INFO  c.b.l.BrowserStackRunExtension - application
11:54:28.678 [ApplicationImpl pooled thread 1763] INFO  com.browserstack.utils.Helpers - null
11:55:21.784 [ApplicationImpl pooled thread 1753] INFO  c.b.l.BrowserStackRunExtension - application
11:55:21.784 [ApplicationImpl pooled thread 1753] INFO  com.browserstack.utils.Helpers - null
11:55:57.197 [ApplicationImpl pooled thread 1753] INFO  c.b.l.BrowserStackRunExtension - application
11:55:57.197 [ApplicationImpl pooled thread 1753] INFO  com.browserstack.utils.Helpers - null
12:09:11.774 [ApplicationImpl pooled thread 1767] INFO  c.b.l.BrowserStackRunExtension - application
12:09:11.775 [ApplicationImpl pooled thread 1767] INFO  com.browserstack.utils.Helpers - null
12:14:40.058 [ApplicationImpl pooled thread 1773] INFO  c.b.l.BrowserStackRunExtension - application
12:14:40.058 [ApplicationImpl pooled thread 1773] INFO  com.browserstack.utils.Helpers - null
12:22:40.570 [ApplicationImpl pooled thread 1753] INFO  c.b.l.BrowserStackRunExtension - application
12:22:40.571 [ApplicationImpl pooled thread 1753] INFO  com.browserstack.utils.Helpers - null
12:34:17.959 [ApplicationImpl pooled thread 1788] INFO  c.b.l.BrowserStackRunExtension - application
12:34:17.960 [ApplicationImpl pooled thread 1788] INFO  com.browserstack.utils.Helpers - null
12:40:58.666 [ApplicationImpl pooled thread 1788] INFO  c.b.l.BrowserStackRunExtension - application
12:40:58.666 [ApplicationImpl pooled thread 1788] INFO  com.browserstack.utils.Helpers - null
12:58:54.780 [ApplicationImpl pooled thread 1808] INFO  c.b.l.BrowserStackRunExtension - application
12:58:54.780 [ApplicationImpl pooled thread 1808] INFO  com.browserstack.utils.Helpers - null
13:12:55.567 [ApplicationImpl pooled thread 1815] INFO  c.b.l.BrowserStackRunExtension - application
13:12:55.567 [ApplicationImpl pooled thread 1815] INFO  com.browserstack.utils.Helpers - null
13:17:46.874 [ApplicationImpl pooled thread 1821] INFO  c.b.l.BrowserStackRunExtension - application
13:17:46.874 [ApplicationImpl pooled thread 1821] INFO  com.browserstack.utils.Helpers - null
13:18:46.033 [ApplicationImpl pooled thread 1818] INFO  c.b.l.BrowserStackRunExtension - application
13:18:46.033 [ApplicationImpl pooled thread 1818] INFO  com.browserstack.utils.Helpers - null
13:22:21.790 [ApplicationImpl pooled thread 1823] INFO  c.b.l.BrowserStackRunExtension - application
13:22:21.790 [ApplicationImpl pooled thread 1823] INFO  com.browserstack.utils.Helpers - null
13:44:26.794 [ApplicationImpl pooled thread 1835] INFO  c.b.l.BrowserStackRunExtension - application
13:44:26.794 [ApplicationImpl pooled thread 1835] INFO  com.browserstack.utils.Helpers - null
13:45:48.264 [ApplicationImpl pooled thread 1840] INFO  c.b.l.BrowserStackRunExtension - application
13:45:48.264 [ApplicationImpl pooled thread 1840] INFO  com.browserstack.utils.Helpers - null
13:53:39.298 [ApplicationImpl pooled thread 1846] INFO  c.b.l.BrowserStackRunExtension - application
13:53:39.299 [ApplicationImpl pooled thread 1846] INFO  com.browserstack.utils.Helpers - null
13:58:26.326 [ApplicationImpl pooled thread 1848] INFO  c.b.l.BrowserStackRunExtension - application
13:58:26.326 [ApplicationImpl pooled thread 1848] INFO  com.browserstack.utils.Helpers - null
13:59:14.761 [ApplicationImpl pooled thread 1852] INFO  c.b.l.BrowserStackRunExtension - application
13:59:14.762 [ApplicationImpl pooled thread 1852] INFO  com.browserstack.utils.Helpers - null
14:05:16.590 [ApplicationImpl pooled thread 1856] INFO  c.b.l.BrowserStackRunExtension - application
14:05:16.590 [ApplicationImpl pooled thread 1856] INFO  com.browserstack.utils.Helpers - null
14:09:23.049 [ApplicationImpl pooled thread 1846] INFO  c.b.l.BrowserStackRunExtension - application
14:09:23.049 [ApplicationImpl pooled thread 1846] INFO  com.browserstack.utils.Helpers - null
14:10:20.793 [ApplicationImpl pooled thread 1846] INFO  c.b.l.BrowserStackRunExtension - application
14:10:20.793 [ApplicationImpl pooled thread 1846] INFO  com.browserstack.utils.Helpers - null
14:12:37.464 [ApplicationImpl pooled thread 1862] INFO  c.b.l.BrowserStackRunExtension - application
14:12:37.464 [ApplicationImpl pooled thread 1862] INFO  com.browserstack.utils.Helpers - null
14:16:37.938 [ApplicationImpl pooled thread 1864] INFO  c.b.l.BrowserStackRunExtension - application
14:16:37.939 [ApplicationImpl pooled thread 1864] INFO  com.browserstack.utils.Helpers - null
14:32:59.333 [ApplicationImpl pooled thread 1873] INFO  c.b.l.BrowserStackRunExtension - application
14:32:59.333 [ApplicationImpl pooled thread 1873] INFO  com.browserstack.utils.Helpers - null
16:42:12.747 [ApplicationImpl pooled thread 1923] INFO  c.b.l.BrowserStackRunExtension - application
16:42:12.747 [ApplicationImpl pooled thread 1923] INFO  com.browserstack.utils.Helpers - null
16:42:30.633 [ApplicationImpl pooled thread 1926] INFO  c.b.l.BrowserStackRunExtension - application
16:42:30.634 [ApplicationImpl pooled thread 1926] INFO  com.browserstack.utils.Helpers - null
16:42:43.677 [ApplicationImpl pooled thread 1925] INFO  c.b.l.BrowserStackRunExtension - application
16:42:43.678 [ApplicationImpl pooled thread 1925] INFO  com.browserstack.utils.Helpers - null
16:52:41.360 [ApplicationImpl pooled thread 1921] INFO  c.b.l.BrowserStackRunExtension - application
16:52:41.360 [ApplicationImpl pooled thread 1921] INFO  com.browserstack.utils.Helpers - null
16:53:30.935 [ApplicationImpl pooled thread 1931] INFO  c.b.l.BrowserStackRunExtension - application
16:53:30.935 [ApplicationImpl pooled thread 1931] INFO  com.browserstack.utils.Helpers - null
16:59:44.269 [ApplicationImpl pooled thread 1937] INFO  c.b.l.BrowserStackRunExtension - application
16:59:44.269 [ApplicationImpl pooled thread 1937] INFO  com.browserstack.utils.Helpers - null
17:05:54.429 [ApplicationImpl pooled thread 1943] INFO  c.b.l.BrowserStackRunExtension - application
17:05:54.430 [ApplicationImpl pooled thread 1943] INFO  com.browserstack.utils.Helpers - null
17:10:12.696 [ApplicationImpl pooled thread 1947] INFO  c.b.l.BrowserStackRunExtension - application
17:10:12.696 [ApplicationImpl pooled thread 1947] INFO  com.browserstack.utils.Helpers - null
18:13:14.217 [ApplicationImpl pooled thread 1961] INFO  c.b.l.BrowserStackRunExtension - application
18:13:14.217 [ApplicationImpl pooled thread 1961] INFO  com.browserstack.utils.Helpers - null
18:14:47.076 [ApplicationImpl pooled thread 1976] INFO  c.b.l.BrowserStackRunExtension - application
18:14:47.077 [ApplicationImpl pooled thread 1976] INFO  com.browserstack.utils.Helpers - null
18:18:27.591 [ApplicationImpl pooled thread 1976] INFO  c.b.l.BrowserStackRunExtension - application
18:18:27.591 [ApplicationImpl pooled thread 1976] INFO  com.browserstack.utils.Helpers - null
18:19:44.009 [ApplicationImpl pooled thread 1983] INFO  c.b.l.BrowserStackRunExtension - application
18:19:44.009 [ApplicationImpl pooled thread 1983] INFO  com.browserstack.utils.Helpers - null
18:21:17.493 [ApplicationImpl pooled thread 1984] INFO  c.b.l.BrowserStackRunExtension - application
18:21:17.494 [ApplicationImpl pooled thread 1984] INFO  com.browserstack.utils.Helpers - null
18:22:22.565 [ApplicationImpl pooled thread 1991] INFO  c.b.l.BrowserStackRunExtension - application
18:22:22.565 [ApplicationImpl pooled thread 1991] INFO  com.browserstack.utils.Helpers - null
18:22:39.340 [ApplicationImpl pooled thread 1995] INFO  c.b.l.BrowserStackRunExtension - application
18:22:39.340 [ApplicationImpl pooled thread 1995] INFO  com.browserstack.utils.Helpers - null
18:48:33.809 [ApplicationImpl pooled thread 2003] INFO  c.b.l.BrowserStackRunExtension - application
18:48:33.809 [ApplicationImpl pooled thread 2003] INFO  com.browserstack.utils.Helpers - null
18:49:41.644 [ApplicationImpl pooled thread 2004] INFO  c.b.l.BrowserStackRunExtension - application
18:49:41.644 [ApplicationImpl pooled thread 2004] INFO  com.browserstack.utils.Helpers - null
18:51:20.367 [ApplicationImpl pooled thread 2003] INFO  c.b.l.BrowserStackRunExtension - application
18:51:20.367 [ApplicationImpl pooled thread 2003] INFO  com.browserstack.utils.Helpers - null
18:54:58.783 [ApplicationImpl pooled thread 2003] INFO  c.b.l.BrowserStackRunExtension - application
18:54:58.783 [ApplicationImpl pooled thread 2003] INFO  com.browserstack.utils.Helpers - null
19:28:12.752 [ApplicationImpl pooled thread 2031] INFO  c.b.l.BrowserStackRunExtension - application
19:28:12.753 [ApplicationImpl pooled thread 2031] INFO  com.browserstack.utils.Helpers - null
19:29:07.897 [ApplicationImpl pooled thread 2032] INFO  c.b.l.BrowserStackRunExtension - application
19:29:07.897 [ApplicationImpl pooled thread 2032] INFO  com.browserstack.utils.Helpers - null
19:30:08.495 [ApplicationImpl pooled thread 2034] INFO  c.b.l.BrowserStackRunExtension - application
19:30:08.495 [ApplicationImpl pooled thread 2034] INFO  com.browserstack.utils.Helpers - null
19:33:08.320 [ApplicationImpl pooled thread 2033] INFO  c.b.l.BrowserStackRunExtension - application
19:33:08.320 [ApplicationImpl pooled thread 2033] INFO  com.browserstack.utils.Helpers - null
19:35:03.078 [ApplicationImpl pooled thread 2040] INFO  c.b.l.BrowserStackRunExtension - application
19:35:03.078 [ApplicationImpl pooled thread 2040] INFO  com.browserstack.utils.Helpers - null
19:35:36.789 [ApplicationImpl pooled thread 2041] INFO  c.b.l.BrowserStackRunExtension - application
19:35:36.790 [ApplicationImpl pooled thread 2041] INFO  com.browserstack.utils.Helpers - null
19:35:41.449 [ApplicationImpl pooled thread 2041] INFO  c.b.l.BrowserStackRunExtension - application
19:35:41.449 [ApplicationImpl pooled thread 2041] INFO  com.browserstack.utils.Helpers - null
19:35:43.477 [ApplicationImpl pooled thread 2036] INFO  c.b.l.BrowserStackRunExtension - application
19:35:43.477 [ApplicationImpl pooled thread 2036] INFO  com.browserstack.utils.Helpers - null
19:36:02.444 [ApplicationImpl pooled thread 2032] INFO  c.b.l.BrowserStackRunExtension - application
19:36:02.444 [ApplicationImpl pooled thread 2032] INFO  com.browserstack.utils.Helpers - null
19:36:27.896 [ApplicationImpl pooled thread 2033] INFO  c.b.l.BrowserStackRunExtension - application
19:36:27.896 [ApplicationImpl pooled thread 2033] INFO  com.browserstack.utils.Helpers - null
19:40:15.034 [ApplicationImpl pooled thread 2033] INFO  c.b.l.BrowserStackRunExtension - application
19:40:15.034 [ApplicationImpl pooled thread 2033] INFO  com.browserstack.utils.Helpers - null
19:41:00.566 [ApplicationImpl pooled thread 2033] INFO  c.b.l.BrowserStackRunExtension - application
19:41:00.566 [ApplicationImpl pooled thread 2033] INFO  com.browserstack.utils.Helpers - null
19:46:11.996 [ApplicationImpl pooled thread 2033] INFO  c.b.l.BrowserStackRunExtension - application
19:46:11.996 [ApplicationImpl pooled thread 2033] INFO  com.browserstack.utils.Helpers - null
19:46:24.419 [ApplicationImpl pooled thread 2050] INFO  c.b.l.BrowserStackRunExtension - application
19:46:24.419 [ApplicationImpl pooled thread 2050] INFO  com.browserstack.utils.Helpers - null
19:47:02.329 [ApplicationImpl pooled thread 2050] INFO  c.b.l.BrowserStackRunExtension - application
19:47:02.329 [ApplicationImpl pooled thread 2050] INFO  com.browserstack.utils.Helpers - null
19:47:41.184 [ApplicationImpl pooled thread 2049] INFO  c.b.l.BrowserStackRunExtension - application
19:47:41.184 [ApplicationImpl pooled thread 2049] INFO  com.browserstack.utils.Helpers - null
19:49:22.314 [ApplicationImpl pooled thread 2051] INFO  c.b.l.BrowserStackRunExtension - application
19:49:22.314 [ApplicationImpl pooled thread 2051] INFO  com.browserstack.utils.Helpers - null
19:49:45.901 [ApplicationImpl pooled thread 2051] INFO  c.b.l.BrowserStackRunExtension - application
19:49:45.901 [ApplicationImpl pooled thread 2051] INFO  com.browserstack.utils.Helpers - null
19:50:31.924 [ApplicationImpl pooled thread 2033] INFO  c.b.l.BrowserStackRunExtension - application
19:50:31.924 [ApplicationImpl pooled thread 2033] INFO  com.browserstack.utils.Helpers - null
19:55:57.804 [ApplicationImpl pooled thread 2053] INFO  c.b.l.BrowserStackRunExtension - application
19:55:57.805 [ApplicationImpl pooled thread 2053] INFO  com.browserstack.utils.Helpers - null
19:56:44.934 [ApplicationImpl pooled thread 2053] INFO  c.b.l.BrowserStackRunExtension - application
19:56:44.934 [ApplicationImpl pooled thread 2053] INFO  com.browserstack.utils.Helpers - null
19:58:46.045 [ApplicationImpl pooled thread 2059] INFO  c.b.l.BrowserStackRunExtension - application
19:58:46.045 [ApplicationImpl pooled thread 2059] INFO  com.browserstack.utils.Helpers - null
20:04:17.980 [ApplicationImpl pooled thread 2065] INFO  c.b.l.BrowserStackRunExtension - application
20:04:17.980 [ApplicationImpl pooled thread 2065] INFO  com.browserstack.utils.Helpers - null
20:18:31.557 [ApplicationImpl pooled thread 2077] INFO  c.b.l.BrowserStackRunExtension - application
20:18:31.557 [ApplicationImpl pooled thread 2077] INFO  com.browserstack.utils.Helpers - null
20:18:36.640 [ApplicationImpl pooled thread 2071] INFO  c.b.l.BrowserStackRunExtension - application
20:18:36.641 [ApplicationImpl pooled thread 2071] INFO  com.browserstack.utils.Helpers - null
20:19:08.263 [ApplicationImpl pooled thread 2071] INFO  c.b.l.BrowserStackRunExtension - application
20:19:08.264 [ApplicationImpl pooled thread 2071] INFO  com.browserstack.utils.Helpers - null
20:19:55.656 [ApplicationImpl pooled thread 2077] INFO  c.b.l.BrowserStackRunExtension - application
20:19:55.656 [ApplicationImpl pooled thread 2077] INFO  com.browserstack.utils.Helpers - null
20:20:43.254 [ApplicationImpl pooled thread 2076] INFO  c.b.l.BrowserStackRunExtension - application
20:20:43.254 [ApplicationImpl pooled thread 2076] INFO  com.browserstack.utils.Helpers - null
20:22:52.844 [ApplicationImpl pooled thread 2077] INFO  c.b.l.BrowserStackRunExtension - application
20:22:52.844 [ApplicationImpl pooled thread 2077] INFO  com.browserstack.utils.Helpers - null
20:25:29.403 [ApplicationImpl pooled thread 2082] INFO  c.b.l.BrowserStackRunExtension - application
20:25:29.403 [ApplicationImpl pooled thread 2082] INFO  com.browserstack.utils.Helpers - null
20:25:50.973 [ApplicationImpl pooled thread 2077] INFO  c.b.l.BrowserStackRunExtension - application
20:25:50.973 [ApplicationImpl pooled thread 2077] INFO  com.browserstack.utils.Helpers - null
20:27:53.698 [ApplicationImpl pooled thread 2077] INFO  c.b.l.BrowserStackRunExtension - application
20:27:53.698 [ApplicationImpl pooled thread 2077] INFO  com.browserstack.utils.Helpers - null
20:31:42.505 [ApplicationImpl pooled thread 2092] INFO  c.b.l.BrowserStackRunExtension - application
20:31:42.505 [ApplicationImpl pooled thread 2092] INFO  com.browserstack.utils.Helpers - null
20:32:08.407 [ApplicationImpl pooled thread 2092] INFO  c.b.l.BrowserStackRunExtension - application
20:32:08.407 [ApplicationImpl pooled thread 2092] INFO  com.browserstack.utils.Helpers - null
23:26:48.030 [ApplicationImpl pooled thread 2146] INFO  c.b.l.BrowserStackRunExtension - application
23:26:48.031 [ApplicationImpl pooled thread 2146] INFO  com.browserstack.utils.Helpers - null
23:27:00.624 [ApplicationImpl pooled thread 2153] INFO  c.b.l.BrowserStackRunExtension - application
23:27:00.624 [ApplicationImpl pooled thread 2153] INFO  com.browserstack.utils.Helpers - null
23:27:19.757 [ApplicationImpl pooled thread 2152] INFO  c.b.l.BrowserStackRunExtension - application
23:27:19.757 [ApplicationImpl pooled thread 2152] INFO  com.browserstack.utils.Helpers - null
23:32:14.558 [ApplicationImpl pooled thread 2153] INFO  c.b.l.BrowserStackRunExtension - application
23:32:14.558 [ApplicationImpl pooled thread 2153] INFO  com.browserstack.utils.Helpers - null
23:32:34.206 [ApplicationImpl pooled thread 2161] INFO  c.b.l.BrowserStackRunExtension - application
23:32:34.206 [ApplicationImpl pooled thread 2161] INFO  com.browserstack.utils.Helpers - null
13:53:22.968 [ApplicationImpl pooled thread 2225] INFO  c.b.l.BrowserStackRunExtension - application
13:53:22.968 [ApplicationImpl pooled thread 2225] INFO  com.browserstack.utils.Helpers - null
14:00:58.293 [ApplicationImpl pooled thread 2234] INFO  c.b.l.BrowserStackRunExtension - application
14:00:58.293 [ApplicationImpl pooled thread 2234] INFO  com.browserstack.utils.Helpers - null
14:01:30.828 [ApplicationImpl pooled thread 2233] INFO  c.b.l.BrowserStackRunExtension - application
14:01:30.828 [ApplicationImpl pooled thread 2233] INFO  com.browserstack.utils.Helpers - null
14:02:54.969 [ApplicationImpl pooled thread 2234] INFO  c.b.l.BrowserStackRunExtension - application
14:02:54.969 [ApplicationImpl pooled thread 2234] INFO  com.browserstack.utils.Helpers - null
14:03:19.563 [ApplicationImpl pooled thread 2237] INFO  c.b.l.BrowserStackRunExtension - application
14:03:19.563 [ApplicationImpl pooled thread 2237] INFO  com.browserstack.utils.Helpers - null
18:50:45.880 [ApplicationImpl pooled thread 2333] INFO  c.b.l.BrowserStackRunExtension - application
18:50:45.880 [ApplicationImpl pooled thread 2333] INFO  com.browserstack.utils.Helpers - null
18:52:18.602 [ApplicationImpl pooled thread 2340] INFO  c.b.l.BrowserStackRunExtension - application
18:52:18.602 [ApplicationImpl pooled thread 2340] INFO  com.browserstack.utils.Helpers - null
19:04:15.334 [ApplicationImpl pooled thread 2347] INFO  c.b.l.BrowserStackRunExtension - application
19:04:15.334 [ApplicationImpl pooled thread 2347] INFO  com.browserstack.utils.Helpers - null
19:05:07.473 [ApplicationImpl pooled thread 2340] INFO  c.b.l.BrowserStackRunExtension - application
19:05:07.473 [ApplicationImpl pooled thread 2340] INFO  com.browserstack.utils.Helpers - null
19:10:00.740 [ApplicationImpl pooled thread 2350] INFO  c.b.l.BrowserStackRunExtension - application
19:10:00.741 [ApplicationImpl pooled thread 2350] INFO  com.browserstack.utils.Helpers - null
19:11:44.159 [ApplicationImpl pooled thread 2353] INFO  c.b.l.BrowserStackRunExtension - application
19:11:44.159 [ApplicationImpl pooled thread 2353] INFO  com.browserstack.utils.Helpers - null
19:12:01.871 [ApplicationImpl pooled thread 2340] INFO  c.b.l.BrowserStackRunExtension - application
19:12:01.871 [ApplicationImpl pooled thread 2340] INFO  com.browserstack.utils.Helpers - null
19:13:57.266 [ApplicationImpl pooled thread 2356] INFO  c.b.l.BrowserStackRunExtension - application
19:13:57.266 [ApplicationImpl pooled thread 2356] INFO  com.browserstack.utils.Helpers - null
19:15:09.892 [ApplicationImpl pooled thread 2340] INFO  c.b.l.BrowserStackRunExtension - application
19:15:09.892 [ApplicationImpl pooled thread 2340] INFO  com.browserstack.utils.Helpers - null
19:15:31.982 [ApplicationImpl pooled thread 2353] INFO  c.b.l.BrowserStackRunExtension - application
19:15:31.982 [ApplicationImpl pooled thread 2353] INFO  com.browserstack.utils.Helpers - null
19:16:26.065 [ApplicationImpl pooled thread 2359] INFO  c.b.l.BrowserStackRunExtension - application
19:16:26.065 [ApplicationImpl pooled thread 2359] INFO  com.browserstack.utils.Helpers - null
19:16:36.998 [ApplicationImpl pooled thread 2353] INFO  c.b.l.BrowserStackRunExtension - application
19:16:36.998 [ApplicationImpl pooled thread 2353] INFO  com.browserstack.utils.Helpers - null
19:18:05.645 [ApplicationImpl pooled thread 2362] INFO  c.b.l.BrowserStackRunExtension - application
19:18:05.645 [ApplicationImpl pooled thread 2362] INFO  com.browserstack.utils.Helpers - null
19:19:09.358 [ApplicationImpl pooled thread 2350] INFO  c.b.l.BrowserStackRunExtension - application
19:19:09.359 [ApplicationImpl pooled thread 2350] INFO  com.browserstack.utils.Helpers - null
19:20:06.625 [ApplicationImpl pooled thread 2363] INFO  c.b.l.BrowserStackRunExtension - application
19:20:06.625 [ApplicationImpl pooled thread 2363] INFO  com.browserstack.utils.Helpers - null
19:20:30.704 [ApplicationImpl pooled thread 2367] INFO  c.b.l.BrowserStackRunExtension - application
19:20:30.704 [ApplicationImpl pooled thread 2367] INFO  com.browserstack.utils.Helpers - null
19:20:57.116 [ApplicationImpl pooled thread 2353] INFO  c.b.l.BrowserStackRunExtension - application
19:20:57.116 [ApplicationImpl pooled thread 2353] INFO  com.browserstack.utils.Helpers - null
19:22:11.001 [ApplicationImpl pooled thread 2353] INFO  c.b.l.BrowserStackRunExtension - application
19:22:11.001 [ApplicationImpl pooled thread 2353] INFO  com.browserstack.utils.Helpers - null
19:22:40.904 [ApplicationImpl pooled thread 2353] INFO  c.b.l.BrowserStackRunExtension - application
19:22:40.904 [ApplicationImpl pooled thread 2353] INFO  com.browserstack.utils.Helpers - null
19:23:04.600 [ApplicationImpl pooled thread 2367] INFO  c.b.l.BrowserStackRunExtension - application
19:23:04.600 [ApplicationImpl pooled thread 2367] INFO  com.browserstack.utils.Helpers - null
19:24:09.336 [ApplicationImpl pooled thread 2371] INFO  c.b.l.BrowserStackRunExtension - application
19:24:09.336 [ApplicationImpl pooled thread 2371] INFO  com.browserstack.utils.Helpers - null
19:24:50.019 [ApplicationImpl pooled thread 2371] INFO  c.b.l.BrowserStackRunExtension - application
19:24:50.019 [ApplicationImpl pooled thread 2371] INFO  com.browserstack.utils.Helpers - null
23:11:07.119 [ApplicationImpl pooled thread 2477] INFO  c.b.l.BrowserStackRunExtension - application
23:11:07.120 [ApplicationImpl pooled thread 2477] INFO  com.browserstack.utils.Helpers - null
23:12:00.929 [ApplicationImpl pooled thread 2477] INFO  c.b.l.BrowserStackRunExtension - application
23:12:00.929 [ApplicationImpl pooled thread 2477] INFO  com.browserstack.utils.Helpers - null
23:13:34.758 [ApplicationImpl pooled thread 2479] INFO  c.b.l.BrowserStackRunExtension - application
23:13:34.759 [ApplicationImpl pooled thread 2479] INFO  com.browserstack.utils.Helpers - null
23:16:55.300 [ApplicationImpl pooled thread 2483] INFO  c.b.l.BrowserStackRunExtension - application
23:16:55.300 [ApplicationImpl pooled thread 2483] INFO  com.browserstack.utils.Helpers - null
11:21:54.838 [ApplicationImpl pooled thread 2561] INFO  c.b.l.BrowserStackRunExtension - application
11:21:54.838 [ApplicationImpl pooled thread 2561] INFO  com.browserstack.utils.Helpers - null
11:21:58.650 [ApplicationImpl pooled thread 2561] INFO  c.b.l.BrowserStackRunExtension - application
11:21:58.650 [ApplicationImpl pooled thread 2561] INFO  com.browserstack.utils.Helpers - null
11:22:46.136 [ApplicationImpl pooled thread 2564] INFO  c.b.l.BrowserStackRunExtension - application
11:22:46.137 [ApplicationImpl pooled thread 2564] INFO  com.browserstack.utils.Helpers - null
11:23:47.142 [ApplicationImpl pooled thread 2564] INFO  c.b.l.BrowserStackRunExtension - application
11:23:47.142 [ApplicationImpl pooled thread 2564] INFO  com.browserstack.utils.Helpers - null
11:24:50.346 [ApplicationImpl pooled thread 2558] INFO  c.b.l.BrowserStackRunExtension - application
11:24:50.346 [ApplicationImpl pooled thread 2558] INFO  com.browserstack.utils.Helpers - null
11:25:16.186 [ApplicationImpl pooled thread 2558] INFO  c.b.l.BrowserStackRunExtension - application
11:25:16.186 [ApplicationImpl pooled thread 2558] INFO  com.browserstack.utils.Helpers - null
11:27:07.114 [ApplicationImpl pooled thread 2566] INFO  c.b.l.BrowserStackRunExtension - application
11:27:07.116 [ApplicationImpl pooled thread 2566] INFO  com.browserstack.utils.Helpers - null
11:27:57.986 [ApplicationImpl pooled thread 2568] INFO  c.b.l.BrowserStackRunExtension - application
11:27:57.987 [ApplicationImpl pooled thread 2568] INFO  com.browserstack.utils.Helpers - null
11:29:13.423 [ApplicationImpl pooled thread 2566] INFO  c.b.l.BrowserStackRunExtension - application
11:29:13.424 [ApplicationImpl pooled thread 2566] INFO  com.browserstack.utils.Helpers - null
11:36:50.461 [ApplicationImpl pooled thread 2576] INFO  c.b.l.BrowserStackRunExtension - application
11:36:50.462 [ApplicationImpl pooled thread 2576] INFO  com.browserstack.utils.Helpers - null
11:37:27.329 [ApplicationImpl pooled thread 2576] INFO  c.b.l.BrowserStackRunExtension - application
11:37:27.329 [ApplicationImpl pooled thread 2576] INFO  com.browserstack.utils.Helpers - null
11:39:18.810 [ApplicationImpl pooled thread 2580] INFO  c.b.l.BrowserStackRunExtension - application
11:39:18.810 [ApplicationImpl pooled thread 2580] INFO  com.browserstack.utils.Helpers - null
11:41:39.987 [ApplicationImpl pooled thread 2583] INFO  c.b.l.BrowserStackRunExtension - application
11:41:39.987 [ApplicationImpl pooled thread 2583] INFO  com.browserstack.utils.Helpers - null
11:43:20.047 [ApplicationImpl pooled thread 2583] INFO  c.b.l.BrowserStackRunExtension - application
11:43:20.048 [ApplicationImpl pooled thread 2583] INFO  com.browserstack.utils.Helpers - null
11:44:51.551 [ApplicationImpl pooled thread 2584] INFO  c.b.l.BrowserStackRunExtension - application
11:44:51.551 [ApplicationImpl pooled thread 2584] INFO  com.browserstack.utils.Helpers - null
11:47:20.859 [ApplicationImpl pooled thread 2584] INFO  c.b.l.BrowserStackRunExtension - application
11:47:20.859 [ApplicationImpl pooled thread 2584] INFO  com.browserstack.utils.Helpers - null
11:50:18.826 [ApplicationImpl pooled thread 2599] INFO  c.b.l.BrowserStackRunExtension - application
11:50:18.826 [ApplicationImpl pooled thread 2599] INFO  com.browserstack.utils.Helpers - null
11:53:03.641 [ApplicationImpl pooled thread 2601] INFO  c.b.l.BrowserStackRunExtension - application
11:53:03.642 [ApplicationImpl pooled thread 2601] INFO  com.browserstack.utils.Helpers - null
11:55:33.814 [ApplicationImpl pooled thread 2609] INFO  c.b.l.BrowserStackRunExtension - application
11:55:33.814 [ApplicationImpl pooled thread 2609] INFO  com.browserstack.utils.Helpers - null
11:57:55.265 [ApplicationImpl pooled thread 2607] INFO  c.b.l.BrowserStackRunExtension - application
11:57:55.265 [ApplicationImpl pooled thread 2607] INFO  com.browserstack.utils.Helpers - null
12:52:10.822 [ApplicationImpl pooled thread 2629] INFO  c.b.l.BrowserStackRunExtension - application
12:52:10.822 [ApplicationImpl pooled thread 2629] INFO  com.browserstack.utils.Helpers - null
12:54:01.120 [ApplicationImpl pooled thread 2635] INFO  c.b.l.BrowserStackRunExtension - application
12:54:01.120 [ApplicationImpl pooled thread 2635] INFO  com.browserstack.utils.Helpers - null
12:56:27.496 [ApplicationImpl pooled thread 2639] INFO  c.b.l.BrowserStackRunExtension - application
12:56:27.496 [ApplicationImpl pooled thread 2639] INFO  com.browserstack.utils.Helpers - null
12:57:11.803 [ApplicationImpl pooled thread 2635] INFO  c.b.l.BrowserStackRunExtension - application
12:57:11.803 [ApplicationImpl pooled thread 2635] INFO  com.browserstack.utils.Helpers - null
12:59:36.392 [ApplicationImpl pooled thread 2635] INFO  c.b.l.BrowserStackRunExtension - application
12:59:36.392 [ApplicationImpl pooled thread 2635] INFO  com.browserstack.utils.Helpers - null
13:01:07.710 [ApplicationImpl pooled thread 2646] INFO  c.b.l.BrowserStackRunExtension - application
13:01:07.710 [ApplicationImpl pooled thread 2646] INFO  com.browserstack.utils.Helpers - null
13:01:29.081 [ApplicationImpl pooled thread 2639] INFO  c.b.l.BrowserStackRunExtension - application
13:01:29.081 [ApplicationImpl pooled thread 2639] INFO  com.browserstack.utils.Helpers - null
13:02:59.953 [ApplicationImpl pooled thread 2635] INFO  c.b.l.BrowserStackRunExtension - application
13:02:59.956 [ApplicationImpl pooled thread 2635] INFO  com.browserstack.utils.Helpers - null
13:06:46.016 [ApplicationImpl pooled thread 2654] INFO  c.b.l.BrowserStackRunExtension - application
13:06:46.016 [ApplicationImpl pooled thread 2654] INFO  com.browserstack.utils.Helpers - null
13:10:46.652 [ApplicationImpl pooled thread 2655] INFO  c.b.l.BrowserStackRunExtension - application
13:10:46.652 [ApplicationImpl pooled thread 2655] INFO  com.browserstack.utils.Helpers - null
13:11:19.426 [ApplicationImpl pooled thread 2657] INFO  c.b.l.BrowserStackRunExtension - application
13:11:19.426 [ApplicationImpl pooled thread 2657] INFO  com.browserstack.utils.Helpers - null
13:14:05.610 [ApplicationImpl pooled thread 2657] INFO  c.b.l.BrowserStackRunExtension - application
13:14:05.610 [ApplicationImpl pooled thread 2657] INFO  com.browserstack.utils.Helpers - null
13:24:02.900 [ApplicationImpl pooled thread 2657] INFO  c.b.l.BrowserStackRunExtension - application
13:24:02.900 [ApplicationImpl pooled thread 2657] INFO  com.browserstack.utils.Helpers - null
13:25:26.672 [ApplicationImpl pooled thread 2668] INFO  c.b.l.BrowserStackRunExtension - application
13:25:26.672 [ApplicationImpl pooled thread 2668] INFO  com.browserstack.utils.Helpers - null
13:25:56.878 [ApplicationImpl pooled thread 2671] INFO  c.b.l.BrowserStackRunExtension - application
13:25:56.878 [ApplicationImpl pooled thread 2671] INFO  com.browserstack.utils.Helpers - null
13:30:45.917 [ApplicationImpl pooled thread 2673] INFO  c.b.l.BrowserStackRunExtension - application
13:30:45.917 [ApplicationImpl pooled thread 2673] INFO  com.browserstack.utils.Helpers - null
13:31:39.457 [ApplicationImpl pooled thread 2671] INFO  c.b.l.BrowserStackRunExtension - application
13:31:39.457 [ApplicationImpl pooled thread 2671] INFO  com.browserstack.utils.Helpers - null
13:35:36.487 [ApplicationImpl pooled thread 2678] INFO  c.b.l.BrowserStackRunExtension - application
13:35:36.488 [ApplicationImpl pooled thread 2678] INFO  com.browserstack.utils.Helpers - null
13:42:04.632 [ApplicationImpl pooled thread 2680] INFO  c.b.l.BrowserStackRunExtension - application
13:42:04.632 [ApplicationImpl pooled thread 2680] INFO  com.browserstack.utils.Helpers - null
14:25:26.935 [ApplicationImpl pooled thread 2701] INFO  c.b.l.BrowserStackRunExtension - application
14:25:26.935 [ApplicationImpl pooled thread 2701] INFO  com.browserstack.utils.Helpers - null
18:35:00.264 [ApplicationImpl pooled thread 2765] INFO  c.b.l.BrowserStackRunExtension - application
18:35:00.264 [ApplicationImpl pooled thread 2765] INFO  com.browserstack.utils.Helpers - null
18:53:08.721 [ApplicationImpl pooled thread 2781] INFO  c.b.l.BrowserStackRunExtension - application
18:53:08.721 [ApplicationImpl pooled thread 2781] INFO  com.browserstack.utils.Helpers - null
19:33:31.169 [ApplicationImpl pooled thread 2806] INFO  c.b.l.BrowserStackRunExtension - application
19:33:31.169 [ApplicationImpl pooled thread 2806] INFO  com.browserstack.utils.Helpers - null
19:36:17.391 [ApplicationImpl pooled thread 2819] INFO  c.b.l.BrowserStackRunExtension - application
19:36:17.392 [ApplicationImpl pooled thread 2819] INFO  com.browserstack.utils.Helpers - null
19:38:21.020 [ApplicationImpl pooled thread 2816] INFO  c.b.l.BrowserStackRunExtension - application
19:38:21.020 [ApplicationImpl pooled thread 2816] INFO  com.browserstack.utils.Helpers - null
19:40:00.900 [ApplicationImpl pooled thread 2822] INFO  c.b.l.BrowserStackRunExtension - application
19:40:00.900 [ApplicationImpl pooled thread 2822] INFO  com.browserstack.utils.Helpers - null
20:02:29.676 [ApplicationImpl pooled thread 2830] INFO  c.b.l.BrowserStackRunExtension - application
20:02:29.676 [ApplicationImpl pooled thread 2830] INFO  com.browserstack.utils.Helpers - null
14:21:08.455 [ApplicationImpl pooled thread 22] INFO  c.b.l.BrowserStackRunExtension - application
14:21:08.457 [ApplicationImpl pooled thread 22] INFO  com.browserstack.utils.Helpers - null
14:28:55.263 [ApplicationImpl pooled thread 21] INFO  c.b.l.BrowserStackRunExtension - application
14:28:55.264 [ApplicationImpl pooled thread 21] INFO  com.browserstack.utils.Helpers - null
14:35:27.381 [ApplicationImpl pooled thread 26] INFO  c.b.l.BrowserStackRunExtension - application
14:35:27.381 [ApplicationImpl pooled thread 26] INFO  com.browserstack.utils.Helpers - null
14:50:34.098 [ApplicationImpl pooled thread 34] INFO  c.b.l.BrowserStackRunExtension - application
14:50:34.098 [ApplicationImpl pooled thread 34] INFO  com.browserstack.utils.Helpers - null
15:04:41.614 [ApplicationImpl pooled thread 43] INFO  c.b.l.BrowserStackRunExtension - application
15:04:41.614 [ApplicationImpl pooled thread 43] INFO  com.browserstack.utils.Helpers - null
15:11:27.960 [ApplicationImpl pooled thread 43] INFO  c.b.l.BrowserStackRunExtension - application
15:11:27.960 [ApplicationImpl pooled thread 43] INFO  com.browserstack.utils.Helpers - null
22:35:26.746 [ApplicationImpl pooled thread 174] INFO  c.b.l.BrowserStackRunExtension - application
22:35:26.746 [ApplicationImpl pooled thread 174] INFO  com.browserstack.utils.Helpers - null
22:51:39.013 [ApplicationImpl pooled thread 184] INFO  c.b.l.BrowserStackRunExtension - application
22:51:39.013 [ApplicationImpl pooled thread 184] INFO  com.browserstack.utils.Helpers - null
23:12:38.024 [ApplicationImpl pooled thread 195] INFO  c.b.l.BrowserStackRunExtension - application
23:12:38.024 [ApplicationImpl pooled thread 195] INFO  com.browserstack.utils.Helpers - null
23:22:40.767 [ApplicationImpl pooled thread 190] INFO  c.b.l.BrowserStackRunExtension - application
23:22:40.767 [ApplicationImpl pooled thread 190] INFO  com.browserstack.utils.Helpers - null
12:42:55.029 [ApplicationImpl pooled thread 16] INFO  c.b.l.BrowserStackRunExtension - application
12:42:55.036 [ApplicationImpl pooled thread 16] INFO  com.browserstack.utils.Helpers - null
12:57:47.859 [ApplicationImpl pooled thread 23] INFO  c.b.l.BrowserStackRunExtension - application
12:57:47.860 [ApplicationImpl pooled thread 23] INFO  com.browserstack.utils.Helpers - null
12:58:57.621 [ApplicationImpl pooled thread 30] INFO  c.b.l.BrowserStackRunExtension - application
12:58:57.622 [ApplicationImpl pooled thread 30] INFO  com.browserstack.utils.Helpers - null
13:58:10.714 [ApplicationImpl pooled thread 36] INFO  c.b.l.BrowserStackRunExtension - application
13:58:10.714 [ApplicationImpl pooled thread 36] INFO  com.browserstack.utils.Helpers - null
13:59:05.435 [ApplicationImpl pooled thread 36] INFO  c.b.l.BrowserStackRunExtension - application
13:59:05.435 [ApplicationImpl pooled thread 36] INFO  com.browserstack.utils.Helpers - null
12:40:37.715 [ApplicationImpl pooled thread 179] INFO  c.b.l.BrowserStackRunExtension - application
12:40:37.715 [ApplicationImpl pooled thread 179] INFO  com.browserstack.utils.Helpers - null
12:42:55.964 [ApplicationImpl pooled thread 183] INFO  c.b.l.BrowserStackRunExtension - application
12:42:55.964 [ApplicationImpl pooled thread 183] INFO  com.browserstack.utils.Helpers - null
